
INFO  2018-12-20 10:55:57:079
消息：2018/12/20 10:55:56, 更新设置
位置：RankHelper.Appinfo.UpdateSetting(:0)

INFO  2018-12-20 10:55:57:127
消息：2018/12/20 10:55:57, 更新设置
位置：RankHelper.Appinfo.UpdateSetting(:0)

INFO  2018-12-20 10:55:57:154
消息：2018/12/20 10:55:57, 更新设置
位置：RankHelper.Appinfo.UpdateSetting(:0)

INFO  2018-12-20 10:55:57:295
消息：当前IP地址：192.168.1.248
位置：RankHelper.MainForm.ShowIP(:0)

INFO  2018-12-20 10:56:16:915
消息：2018/12/20 10:56:16, 更新设置
位置：RankHelper.Appinfo.UpdateSetting(:0)

INFO  2018-12-20 10:56:25:036
消息：2018/12/20 10:56:25, 更新设置
位置：RankHelper.Appinfo.UpdateSetting(:0)

INFO  2018-12-20 10:57:55:574
消息：2018/12/20 10:57:55, 更新设置
位置：RankHelper.Appinfo.UpdateSetting(:0)

INFO  2018-12-20 10:57:55:627
消息：2018/12/20 10:57:55, 更新设置
位置：RankHelper.Appinfo.UpdateSetting(:0)

INFO  2018-12-20 10:57:55:648
消息：2018/12/20 10:57:55, 更新设置
位置：RankHelper.Appinfo.UpdateSetting(:0)

INFO  2018-12-20 10:57:55:725
消息：当前IP地址：192.168.1.248
位置：RankHelper.MainForm.ShowIP(:0)
