
INFO  2018-12-17 11:49:10:886
消息：2018/12/17 11:49:10, 更新设置
位置：RankHelper.Appinfo.UpdateSetting(D:\project\webbrowser\20181209\webbrowser\RankHelper\App\Appinfo.cs:330)

INFO  2018-12-17 11:49:10:976
消息：2018/12/17 11:49:10, 更新设置
位置：RankHelper.Appinfo.UpdateSetting(D:\project\webbrowser\20181209\webbrowser\RankHelper\App\Appinfo.cs:330)

INFO  2018-12-17 11:49:11:006
消息：2018/12/17 11:49:11, 更新设置
位置：RankHelper.Appinfo.UpdateSetting(D:\project\webbrowser\20181209\webbrowser\RankHelper\App\Appinfo.cs:330)

INFO  2018-12-17 11:49:11:056
消息：当前IP地址：192.168.1.248
位置：RankHelper.MainForm.ShowIP(D:\project\webbrowser\20181209\webbrowser\RankHelper\窗口\MainForm.cs:292)

INFO  2018-12-17 11:49:11:066
消息：删除缓存、cookie文件......
位置：RankHelper.MainForm.ShowTaskStatus(D:\project\webbrowser\20181209\webbrowser\RankHelper\窗口\MainForm.cs:285)

INFO  2018-12-17 11:49:16:073
消息：删除完成
位置：RankHelper.MainForm.ShowTaskStatus(D:\project\webbrowser\20181209\webbrowser\RankHelper\窗口\MainForm.cs:285)

INFO  2018-12-17 11:49:16:073
消息：开始执行任务1
位置：RankHelper.MainForm.ShowTaskStatus(D:\project\webbrowser\20181209\webbrowser\RankHelper\窗口\MainForm.cs:285)

INFO  2018-12-17 11:49:20:668
消息：开始搜索关键词,任务1
位置：RankHelper.MainForm.ShowTaskStatus(D:\project\webbrowser\20181209\webbrowser\RankHelper\窗口\MainForm.cs:285)

INFO  2018-12-17 11:50:54:704
消息：未开始挂机
位置：RankHelper.MainForm.ShowTaskStatus(D:\project\webbrowser\20181209\webbrowser\RankHelper\窗口\MainForm.cs:285)

INFO  2018-12-17 11:51:17:657
消息：任务超时，重置
位置：RankHelper.MainForm.ShowTaskStatus(D:\project\webbrowser\20181209\webbrowser\RankHelper\窗口\MainForm.cs:285)
