
INFO  2018-10-07 18:40:08:247
消息：2018/10/7 18:40:08, 更新设置
位置：RankHelper.Appinfo.UpdateSetting(D:\project\new\RankHelper\App\Appinfo.cs:330)

INFO  2018-10-07 18:40:08:712
消息：2018/10/7 18:40:08, 更新设置
位置：RankHelper.Appinfo.UpdateSetting(D:\project\new\RankHelper\App\Appinfo.cs:330)

INFO  2018-10-07 18:40:09:406
消息：2018/10/7 18:40:09, 更新设置
位置：RankHelper.Appinfo.UpdateSetting(D:\project\new\RankHelper\App\Appinfo.cs:330)

INFO  2018-10-07 18:40:09:643
消息：当前IP地址：192.168.1.5
位置：RankHelper.MainForm.ShowIP(D:\project\new\RankHelper\窗口\MainForm.cs:290)

INFO  2018-10-07 18:40:10:076
消息：删除缓存、cookie文件......
位置：RankHelper.MainForm.ShowTaskStatus(D:\project\new\RankHelper\窗口\MainForm.cs:283)

INFO  2018-10-07 18:40:11:327
消息：删除完成
位置：RankHelper.MainForm.ShowTaskStatus(D:\project\new\RankHelper\窗口\MainForm.cs:283)

INFO  2018-10-07 18:40:11:338
消息：开始执行任务1
位置：RankHelper.MainForm.ShowTaskStatus(D:\project\new\RankHelper\窗口\MainForm.cs:283)

INFO  2018-10-07 18:40:11:404
消息：开始清除缓存,任务1
位置：RankHelper.MainForm.ShowTaskStatus(D:\project\new\RankHelper\窗口\MainForm.cs:283)

INFO  2018-10-07 18:40:38:941
消息：开始搜索关键词,任务1
位置：RankHelper.MainForm.ShowTaskStatus(D:\project\new\RankHelper\窗口\MainForm.cs:283)

INFO  2018-10-07 18:41:26:252
消息：未开始挂机
位置：RankHelper.MainForm.ShowTaskStatus(D:\project\new\RankHelper\窗口\MainForm.cs:283)

INFO  2018-10-07 18:41:31:810
消息：删除缓存、cookie文件......
位置：RankHelper.MainForm.ShowTaskStatus(D:\project\new\RankHelper\窗口\MainForm.cs:283)

INFO  2018-10-07 18:41:32:811
消息：删除完成
位置：RankHelper.MainForm.ShowTaskStatus(D:\project\new\RankHelper\窗口\MainForm.cs:283)

INFO  2018-10-07 18:41:32:815
消息：开始执行任务1
位置：RankHelper.MainForm.ShowTaskStatus(D:\project\new\RankHelper\窗口\MainForm.cs:283)

INFO  2018-10-07 18:41:32:816
消息：开始清除缓存,任务1
位置：RankHelper.MainForm.ShowTaskStatus(D:\project\new\RankHelper\窗口\MainForm.cs:283)

INFO  2018-10-07 18:43:18:534
消息：2018/10/7 18:43:18, 更新设置
位置：RankHelper.Appinfo.UpdateSetting(D:\project\new\RankHelper\App\Appinfo.cs:330)

INFO  2018-10-07 18:43:18:704
消息：2018/10/7 18:43:18, 更新设置
位置：RankHelper.Appinfo.UpdateSetting(D:\project\new\RankHelper\App\Appinfo.cs:330)

INFO  2018-10-07 18:43:18:811
消息：2018/10/7 18:43:18, 更新设置
位置：RankHelper.Appinfo.UpdateSetting(D:\project\new\RankHelper\App\Appinfo.cs:330)

INFO  2018-10-07 18:43:18:848
消息：当前IP地址：192.168.1.5
位置：RankHelper.MainForm.ShowIP(D:\project\new\RankHelper\窗口\MainForm.cs:290)

INFO  2018-10-07 18:43:25:829
消息：删除缓存、cookie文件......
位置：RankHelper.MainForm.ShowTaskStatus(D:\project\new\RankHelper\窗口\MainForm.cs:283)

INFO  2018-10-07 18:43:26:830
消息：删除完成
位置：RankHelper.MainForm.ShowTaskStatus(D:\project\new\RankHelper\窗口\MainForm.cs:283)

INFO  2018-10-07 18:43:26:840
消息：开始执行任务1
位置：RankHelper.MainForm.ShowTaskStatus(D:\project\new\RankHelper\窗口\MainForm.cs:283)

INFO  2018-10-07 18:43:26:845
消息：开始清除缓存,任务1
位置：RankHelper.MainForm.ShowTaskStatus(D:\project\new\RankHelper\窗口\MainForm.cs:283)

INFO  2018-10-07 18:44:11:009
消息：未开始挂机
位置：RankHelper.MainForm.ShowTaskStatus(D:\project\new\RankHelper\窗口\MainForm.cs:283)

INFO  2018-10-07 18:46:01:937
消息：删除缓存、cookie文件......
位置：RankHelper.MainForm.ShowTaskStatus(D:\project\new\RankHelper\窗口\MainForm.cs:283)

INFO  2018-10-07 18:46:02:938
消息：删除完成
位置：RankHelper.MainForm.ShowTaskStatus(D:\project\new\RankHelper\窗口\MainForm.cs:283)

INFO  2018-10-07 18:46:02:945
消息：开始执行任务1
位置：RankHelper.MainForm.ShowTaskStatus(D:\project\new\RankHelper\窗口\MainForm.cs:283)

INFO  2018-10-07 18:46:02:946
消息：开始清除缓存,任务1
位置：RankHelper.MainForm.ShowTaskStatus(D:\project\new\RankHelper\窗口\MainForm.cs:283)

INFO  2018-10-07 18:54:37:583
消息：2018/10/7 18:54:37, 更新设置
位置：RankHelper.Appinfo.UpdateSetting(D:\project\new\RankHelper\App\Appinfo.cs:330)

INFO  2018-10-07 18:54:37:830
消息：2018/10/7 18:54:37, 更新设置
位置：RankHelper.Appinfo.UpdateSetting(D:\project\new\RankHelper\App\Appinfo.cs:330)

INFO  2018-10-07 18:54:37:927
消息：2018/10/7 18:54:37, 更新设置
位置：RankHelper.Appinfo.UpdateSetting(D:\project\new\RankHelper\App\Appinfo.cs:330)

INFO  2018-10-07 18:54:37:983
消息：当前IP地址：192.168.1.5
位置：RankHelper.MainForm.ShowIP(D:\project\new\RankHelper\窗口\MainForm.cs:290)

INFO  2018-10-07 18:54:44:839
消息：删除缓存、cookie文件......
位置：RankHelper.MainForm.ShowTaskStatus(D:\project\new\RankHelper\窗口\MainForm.cs:283)

INFO  2018-10-07 18:54:45:840
消息：删除完成
位置：RankHelper.MainForm.ShowTaskStatus(D:\project\new\RankHelper\窗口\MainForm.cs:283)

INFO  2018-10-07 18:54:45:874
消息：开始执行任务1
位置：RankHelper.MainForm.ShowTaskStatus(D:\project\new\RankHelper\窗口\MainForm.cs:283)

INFO  2018-10-07 18:54:45:880
消息：开始清除缓存,任务1
位置：RankHelper.MainForm.ShowTaskStatus(D:\project\new\RankHelper\窗口\MainForm.cs:283)

INFO  2018-10-07 18:54:58:563
消息：未开始挂机
位置：RankHelper.MainForm.ShowTaskStatus(D:\project\new\RankHelper\窗口\MainForm.cs:283)

INFO  2018-10-07 18:55:04:344
消息：删除缓存、cookie文件......
位置：RankHelper.MainForm.ShowTaskStatus(D:\project\new\RankHelper\窗口\MainForm.cs:283)

INFO  2018-10-07 18:55:05:347
消息：删除完成
位置：RankHelper.MainForm.ShowTaskStatus(D:\project\new\RankHelper\窗口\MainForm.cs:283)

INFO  2018-10-07 18:55:05:367
消息：开始执行任务1
位置：RankHelper.MainForm.ShowTaskStatus(D:\project\new\RankHelper\窗口\MainForm.cs:283)

INFO  2018-10-07 18:55:05:368
消息：开始清除缓存,任务1
位置：RankHelper.MainForm.ShowTaskStatus(D:\project\new\RankHelper\窗口\MainForm.cs:283)

INFO  2018-10-07 18:56:08:990
消息：2018/10/7 18:56:08, 更新设置
位置：RankHelper.Appinfo.UpdateSetting(D:\project\new\RankHelper\App\Appinfo.cs:330)

INFO  2018-10-07 18:56:09:264
消息：2018/10/7 18:56:09, 更新设置
位置：RankHelper.Appinfo.UpdateSetting(D:\project\new\RankHelper\App\Appinfo.cs:330)

INFO  2018-10-07 18:56:09:403
消息：2018/10/7 18:56:09, 更新设置
位置：RankHelper.Appinfo.UpdateSetting(D:\project\new\RankHelper\App\Appinfo.cs:330)

INFO  2018-10-07 18:56:09:469
消息：当前IP地址：192.168.1.5
位置：RankHelper.MainForm.ShowIP(D:\project\new\RankHelper\窗口\MainForm.cs:290)

INFO  2018-10-07 18:56:15:557
消息：删除缓存、cookie文件......
位置：RankHelper.MainForm.ShowTaskStatus(D:\project\new\RankHelper\窗口\MainForm.cs:283)

INFO  2018-10-07 18:56:16:560
消息：删除完成
位置：RankHelper.MainForm.ShowTaskStatus(D:\project\new\RankHelper\窗口\MainForm.cs:283)

INFO  2018-10-07 18:56:16:597
消息：开始执行任务1
位置：RankHelper.MainForm.ShowTaskStatus(D:\project\new\RankHelper\窗口\MainForm.cs:283)

INFO  2018-10-07 18:56:16:605
消息：开始清除缓存,任务1
位置：RankHelper.MainForm.ShowTaskStatus(D:\project\new\RankHelper\窗口\MainForm.cs:283)

INFO  2018-10-07 18:56:51:203
消息：未开始挂机
位置：RankHelper.MainForm.ShowTaskStatus(D:\project\new\RankHelper\窗口\MainForm.cs:283)

INFO  2018-10-07 18:57:04:563
消息：删除缓存、cookie文件......
位置：RankHelper.MainForm.ShowTaskStatus(D:\project\new\RankHelper\窗口\MainForm.cs:283)

INFO  2018-10-07 18:57:05:564
消息：删除完成
位置：RankHelper.MainForm.ShowTaskStatus(D:\project\new\RankHelper\窗口\MainForm.cs:283)

INFO  2018-10-07 18:57:05:582
消息：开始执行任务1
位置：RankHelper.MainForm.ShowTaskStatus(D:\project\new\RankHelper\窗口\MainForm.cs:283)

INFO  2018-10-07 18:57:05:583
消息：开始清除缓存,任务1
位置：RankHelper.MainForm.ShowTaskStatus(D:\project\new\RankHelper\窗口\MainForm.cs:283)

INFO  2018-10-07 18:57:17:495
消息：开始搜索关键词,任务1
位置：RankHelper.MainForm.ShowTaskStatus(D:\project\new\RankHelper\窗口\MainForm.cs:283)

INFO  2018-10-07 18:57:24:735
消息：未开始挂机
位置：RankHelper.MainForm.ShowTaskStatus(D:\project\new\RankHelper\窗口\MainForm.cs:283)

INFO  2018-10-07 18:57:33:579
消息：删除缓存、cookie文件......
位置：RankHelper.MainForm.ShowTaskStatus(D:\project\new\RankHelper\窗口\MainForm.cs:283)

INFO  2018-10-07 18:57:34:579
消息：删除完成
位置：RankHelper.MainForm.ShowTaskStatus(D:\project\new\RankHelper\窗口\MainForm.cs:283)

INFO  2018-10-07 18:57:34:596
消息：开始执行任务1
位置：RankHelper.MainForm.ShowTaskStatus(D:\project\new\RankHelper\窗口\MainForm.cs:283)

INFO  2018-10-07 18:57:34:597
消息：开始清除缓存,任务1
位置：RankHelper.MainForm.ShowTaskStatus(D:\project\new\RankHelper\窗口\MainForm.cs:283)

INFO  2018-10-07 18:57:39:775
消息：开始搜索关键词,任务1
位置：RankHelper.MainForm.ShowTaskStatus(D:\project\new\RankHelper\窗口\MainForm.cs:283)

INFO  2018-10-07 18:58:09:852
消息：未开始挂机
位置：RankHelper.MainForm.ShowTaskStatus(D:\project\new\RankHelper\窗口\MainForm.cs:283)

INFO  2018-10-07 18:58:16:885
消息：删除缓存、cookie文件......
位置：RankHelper.MainForm.ShowTaskStatus(D:\project\new\RankHelper\窗口\MainForm.cs:283)

INFO  2018-10-07 18:58:17:885
消息：删除完成
位置：RankHelper.MainForm.ShowTaskStatus(D:\project\new\RankHelper\窗口\MainForm.cs:283)

INFO  2018-10-07 18:58:17:903
消息：开始执行任务1
位置：RankHelper.MainForm.ShowTaskStatus(D:\project\new\RankHelper\窗口\MainForm.cs:283)

INFO  2018-10-07 18:58:17:904
消息：开始清除缓存,任务1
位置：RankHelper.MainForm.ShowTaskStatus(D:\project\new\RankHelper\窗口\MainForm.cs:283)

INFO  2018-10-07 18:58:23:957
消息：开始搜索关键词,任务1
位置：RankHelper.MainForm.ShowTaskStatus(D:\project\new\RankHelper\窗口\MainForm.cs:283)

INFO  2018-10-07 18:59:45:962
消息：2018/10/7 18:59:45, 更新设置
位置：RankHelper.Appinfo.UpdateSetting(D:\project\new\RankHelper\App\Appinfo.cs:330)

INFO  2018-10-07 18:59:46:076
消息：2018/10/7 18:59:46, 更新设置
位置：RankHelper.Appinfo.UpdateSetting(D:\project\new\RankHelper\App\Appinfo.cs:330)

INFO  2018-10-07 18:59:46:191
消息：2018/10/7 18:59:46, 更新设置
位置：RankHelper.Appinfo.UpdateSetting(D:\project\new\RankHelper\App\Appinfo.cs:330)

INFO  2018-10-07 18:59:46:259
消息：当前IP地址：192.168.1.5
位置：RankHelper.MainForm.ShowIP(D:\project\new\RankHelper\窗口\MainForm.cs:290)

INFO  2018-10-07 20:23:41:483
消息：2018/10/7 20:23:41, 更新设置
位置：RankHelper.Appinfo.UpdateSetting(D:\project\new\RankHelper\App\Appinfo.cs:330)

INFO  2018-10-07 20:23:41:925
消息：2018/10/7 20:23:41, 更新设置
位置：RankHelper.Appinfo.UpdateSetting(D:\project\new\RankHelper\App\Appinfo.cs:330)

INFO  2018-10-07 20:23:42:111
消息：2018/10/7 20:23:42, 更新设置
位置：RankHelper.Appinfo.UpdateSetting(D:\project\new\RankHelper\App\Appinfo.cs:330)

INFO  2018-10-07 20:23:42:204
消息：当前IP地址：192.168.1.5
位置：RankHelper.MainForm.ShowIP(D:\project\new\RankHelper\窗口\MainForm.cs:290)
