
INFO  2018-12-11 09:44:24:928
消息：2018/12/11 9:44:24, 更新设置
位置：RankHelper.Appinfo.UpdateSetting(D:\project\webbrowser\20181209\webbrowser\RankHelper\App\Appinfo.cs:330)

INFO  2018-12-11 09:44:24:998
消息：2018/12/11 9:44:24, 更新设置
位置：RankHelper.Appinfo.UpdateSetting(D:\project\webbrowser\20181209\webbrowser\RankHelper\App\Appinfo.cs:330)

INFO  2018-12-11 09:44:25:021
消息：2018/12/11 9:44:25, 更新设置
位置：RankHelper.Appinfo.UpdateSetting(D:\project\webbrowser\20181209\webbrowser\RankHelper\App\Appinfo.cs:330)

INFO  2018-12-11 09:44:25:219
消息：当前IP地址：192.168.1.248
位置：RankHelper.MainForm.ShowIP(D:\project\webbrowser\20181209\webbrowser\RankHelper\窗口\MainForm.cs:292)

INFO  2018-12-11 09:45:30:718
消息：2018/12/11 9:45:30, 更新设置
位置：RankHelper.Appinfo.UpdateSetting(D:\project\webbrowser\20181209\webbrowser\RankHelper\App\Appinfo.cs:330)

INFO  2018-12-11 09:45:30:769
消息：2018/12/11 9:45:30, 更新设置
位置：RankHelper.Appinfo.UpdateSetting(D:\project\webbrowser\20181209\webbrowser\RankHelper\App\Appinfo.cs:330)

INFO  2018-12-11 09:45:30:800
消息：2018/12/11 9:45:30, 更新设置
位置：RankHelper.Appinfo.UpdateSetting(D:\project\webbrowser\20181209\webbrowser\RankHelper\App\Appinfo.cs:330)

INFO  2018-12-11 09:45:31:008
消息：当前IP地址：192.168.1.248
位置：RankHelper.MainForm.ShowIP(D:\project\webbrowser\20181209\webbrowser\RankHelper\窗口\MainForm.cs:292)

INFO  2018-12-11 09:47:26:306
消息：2018/12/11 9:47:26, 更新设置
位置：RankHelper.Appinfo.UpdateSetting(D:\project\webbrowser\20181209\webbrowser\RankHelper\App\Appinfo.cs:330)

INFO  2018-12-11 09:48:53:953
消息：2018/12/11 9:48:53, 更新设置
位置：RankHelper.Appinfo.UpdateSetting(D:\project\webbrowser\20181209\webbrowser\RankHelper\App\Appinfo.cs:330)

INFO  2018-12-11 09:48:54:002
消息：2018/12/11 9:48:54, 更新设置
位置：RankHelper.Appinfo.UpdateSetting(D:\project\webbrowser\20181209\webbrowser\RankHelper\App\Appinfo.cs:330)

INFO  2018-12-11 09:48:54:032
消息：2018/12/11 9:48:54, 更新设置
位置：RankHelper.Appinfo.UpdateSetting(D:\project\webbrowser\20181209\webbrowser\RankHelper\App\Appinfo.cs:330)

INFO  2018-12-11 09:48:54:093
消息：当前IP地址：192.168.1.248
位置：RankHelper.MainForm.ShowIP(D:\project\webbrowser\20181209\webbrowser\RankHelper\窗口\MainForm.cs:292)

INFO  2018-12-11 09:50:28:274
消息：2018/12/11 9:50:28, 更新设置
位置：RankHelper.Appinfo.UpdateSetting(D:\project\webbrowser\20181209\webbrowser\RankHelper\App\Appinfo.cs:330)

INFO  2018-12-11 09:50:28:320
消息：2018/12/11 9:50:28, 更新设置
位置：RankHelper.Appinfo.UpdateSetting(D:\project\webbrowser\20181209\webbrowser\RankHelper\App\Appinfo.cs:330)

INFO  2018-12-11 09:50:28:341
消息：2018/12/11 9:50:28, 更新设置
位置：RankHelper.Appinfo.UpdateSetting(D:\project\webbrowser\20181209\webbrowser\RankHelper\App\Appinfo.cs:330)

INFO  2018-12-11 09:50:28:402
消息：当前IP地址：192.168.1.248
位置：RankHelper.MainForm.ShowIP(D:\project\webbrowser\20181209\webbrowser\RankHelper\窗口\MainForm.cs:292)

INFO  2018-12-11 09:50:48:118
消息：2018/12/11 9:50:48, 修改1条记录,1
位置：RankHelper.Appinfo.ChangeTask(D:\project\webbrowser\20181209\webbrowser\RankHelper\App\Appinfo.cs:184)

INFO  2018-12-11 09:51:00:262
消息：2018/12/11 9:51:00, 修改1条记录,1
位置：RankHelper.Appinfo.ChangeTask(D:\project\webbrowser\20181209\webbrowser\RankHelper\App\Appinfo.cs:184)

INFO  2018-12-11 09:52:10:579
消息：2018/12/11 9:52:10, 更新设置
位置：RankHelper.Appinfo.UpdateSetting(D:\project\webbrowser\20181209\webbrowser\RankHelper\App\Appinfo.cs:330)

INFO  2018-12-11 09:52:10:651
消息：2018/12/11 9:52:10, 更新设置
位置：RankHelper.Appinfo.UpdateSetting(D:\project\webbrowser\20181209\webbrowser\RankHelper\App\Appinfo.cs:330)

INFO  2018-12-11 09:52:10:691
消息：2018/12/11 9:52:10, 更新设置
位置：RankHelper.Appinfo.UpdateSetting(D:\project\webbrowser\20181209\webbrowser\RankHelper\App\Appinfo.cs:330)

INFO  2018-12-11 09:52:10:767
消息：当前IP地址：192.168.1.248
位置：RankHelper.MainForm.ShowIP(D:\project\webbrowser\20181209\webbrowser\RankHelper\窗口\MainForm.cs:292)

INFO  2018-12-11 09:52:45:084
消息：2018/12/11 9:52:45, 更新设置
位置：RankHelper.Appinfo.UpdateSetting(D:\project\webbrowser\20181209\webbrowser\RankHelper\App\Appinfo.cs:330)

INFO  2018-12-11 09:52:45:129
消息：2018/12/11 9:52:45, 更新设置
位置：RankHelper.Appinfo.UpdateSetting(D:\project\webbrowser\20181209\webbrowser\RankHelper\App\Appinfo.cs:330)

INFO  2018-12-11 09:52:45:154
消息：2018/12/11 9:52:45, 更新设置
位置：RankHelper.Appinfo.UpdateSetting(D:\project\webbrowser\20181209\webbrowser\RankHelper\App\Appinfo.cs:330)

INFO  2018-12-11 09:52:45:197
消息：当前IP地址：192.168.1.248
位置：RankHelper.MainForm.ShowIP(D:\project\webbrowser\20181209\webbrowser\RankHelper\窗口\MainForm.cs:292)

INFO  2018-12-11 09:52:51:786
消息：2018/12/11 9:52:51, 更新设置
位置：RankHelper.Appinfo.UpdateSetting(D:\project\webbrowser\20181209\webbrowser\RankHelper\App\Appinfo.cs:330)

INFO  2018-12-11 09:52:53:839
消息：2018/12/11 9:52:53, 更新设置
位置：RankHelper.Appinfo.UpdateSetting(D:\project\webbrowser\20181209\webbrowser\RankHelper\App\Appinfo.cs:330)

INFO  2018-12-11 09:52:54:898
消息：2018/12/11 9:52:54, 更新设置
位置：RankHelper.Appinfo.UpdateSetting(D:\project\webbrowser\20181209\webbrowser\RankHelper\App\Appinfo.cs:330)

INFO  2018-12-11 09:52:56:460
消息：2018/12/11 9:52:56, 更新设置
位置：RankHelper.Appinfo.UpdateSetting(D:\project\webbrowser\20181209\webbrowser\RankHelper\App\Appinfo.cs:330)

INFO  2018-12-11 09:52:58:063
消息：2018/12/11 9:52:58, 更新设置
位置：RankHelper.Appinfo.UpdateSetting(D:\project\webbrowser\20181209\webbrowser\RankHelper\App\Appinfo.cs:330)

INFO  2018-12-11 09:53:34:442
消息：2018/12/11 9:53:34, 修改1条记录,1
位置：RankHelper.Appinfo.ChangeTask(D:\project\webbrowser\20181209\webbrowser\RankHelper\App\Appinfo.cs:184)

INFO  2018-12-11 09:55:55:353
消息：2018/12/11 9:55:55, 修改1条记录,1
位置：RankHelper.Appinfo.ChangeTask(D:\project\webbrowser\20181209\webbrowser\RankHelper\App\Appinfo.cs:184)

INFO  2018-12-11 09:56:20:294
消息：2018/12/11 9:56:20, 修改1条记录,1
位置：RankHelper.Appinfo.ChangeTask(D:\project\webbrowser\20181209\webbrowser\RankHelper\App\Appinfo.cs:184)

INFO  2018-12-11 09:56:25:879
消息：2018/12/11 9:56:25, 修改1条记录,1
位置：RankHelper.Appinfo.ChangeTask(D:\project\webbrowser\20181209\webbrowser\RankHelper\App\Appinfo.cs:184)

INFO  2018-12-11 09:56:38:199
消息：2018/12/11 9:56:38, 修改1条记录,1
位置：RankHelper.Appinfo.ChangeTask(D:\project\webbrowser\20181209\webbrowser\RankHelper\App\Appinfo.cs:184)

INFO  2018-12-11 10:09:25:131
消息：2018/12/11 10:09:25, 更新设置
位置：RankHelper.Appinfo.UpdateSetting(D:\project\webbrowser\20181209\webbrowser\RankHelper\App\Appinfo.cs:330)

INFO  2018-12-11 10:09:25:206
消息：2018/12/11 10:09:25, 更新设置
位置：RankHelper.Appinfo.UpdateSetting(D:\project\webbrowser\20181209\webbrowser\RankHelper\App\Appinfo.cs:330)

INFO  2018-12-11 10:09:25:237
消息：2018/12/11 10:09:25, 更新设置
位置：RankHelper.Appinfo.UpdateSetting(D:\project\webbrowser\20181209\webbrowser\RankHelper\App\Appinfo.cs:330)

INFO  2018-12-11 10:09:25:294
消息：当前IP地址：192.168.1.248
位置：RankHelper.MainForm.ShowIP(D:\project\webbrowser\20181209\webbrowser\RankHelper\窗口\MainForm.cs:292)

INFO  2018-12-11 10:10:36:759
消息：2018/12/11 10:10:36, 修改1条记录,1
位置：RankHelper.Appinfo.ChangeTask(D:\project\webbrowser\20181209\webbrowser\RankHelper\App\Appinfo.cs:184)

INFO  2018-12-11 10:16:07:008
消息：2018/12/11 10:16:06, 更新设置
位置：RankHelper.Appinfo.UpdateSetting(D:\project\webbrowser\20181209\webbrowser\RankHelper\App\Appinfo.cs:330)

INFO  2018-12-11 10:16:07:093
消息：2018/12/11 10:16:07, 更新设置
位置：RankHelper.Appinfo.UpdateSetting(D:\project\webbrowser\20181209\webbrowser\RankHelper\App\Appinfo.cs:330)

INFO  2018-12-11 10:16:07:113
消息：2018/12/11 10:16:07, 更新设置
位置：RankHelper.Appinfo.UpdateSetting(D:\project\webbrowser\20181209\webbrowser\RankHelper\App\Appinfo.cs:330)

INFO  2018-12-11 10:16:07:201
消息：当前IP地址：192.168.1.248
位置：RankHelper.MainForm.ShowIP(D:\project\webbrowser\20181209\webbrowser\RankHelper\窗口\MainForm.cs:292)

INFO  2018-12-11 10:18:44:826
消息：2018/12/11 10:18:44, 更新设置
位置：RankHelper.Appinfo.UpdateSetting(D:\project\webbrowser\20181209\webbrowser\RankHelper\App\Appinfo.cs:330)

INFO  2018-12-11 10:18:44:887
消息：2018/12/11 10:18:44, 更新设置
位置：RankHelper.Appinfo.UpdateSetting(D:\project\webbrowser\20181209\webbrowser\RankHelper\App\Appinfo.cs:330)

INFO  2018-12-11 10:18:44:912
消息：2018/12/11 10:18:44, 更新设置
位置：RankHelper.Appinfo.UpdateSetting(D:\project\webbrowser\20181209\webbrowser\RankHelper\App\Appinfo.cs:330)

INFO  2018-12-11 10:18:44:969
消息：当前IP地址：192.168.1.248
位置：RankHelper.MainForm.ShowIP(D:\project\webbrowser\20181209\webbrowser\RankHelper\窗口\MainForm.cs:292)

INFO  2018-12-11 10:21:15:344
消息：2018/12/11 10:21:15, 更新设置
位置：RankHelper.Appinfo.UpdateSetting(D:\project\webbrowser\20181209\webbrowser\RankHelper\App\Appinfo.cs:330)

INFO  2018-12-11 10:21:15:392
消息：2018/12/11 10:21:15, 更新设置
位置：RankHelper.Appinfo.UpdateSetting(D:\project\webbrowser\20181209\webbrowser\RankHelper\App\Appinfo.cs:330)

INFO  2018-12-11 10:21:15:417
消息：2018/12/11 10:21:15, 更新设置
位置：RankHelper.Appinfo.UpdateSetting(D:\project\webbrowser\20181209\webbrowser\RankHelper\App\Appinfo.cs:330)

INFO  2018-12-11 10:21:15:468
消息：当前IP地址：192.168.1.248
位置：RankHelper.MainForm.ShowIP(D:\project\webbrowser\20181209\webbrowser\RankHelper\窗口\MainForm.cs:292)
