
INFO  2018-12-25 19:58:09:673
消息：2018/12/25 19:58:09, 更新设置
位置：RankHelper.Appinfo.UpdateSetting(D:\project\webbrowser\20181209\webbrowser\RankHelper\App\Appinfo.cs:330)

INFO  2018-12-25 19:58:09:774
消息：2018/12/25 19:58:09, 更新设置
位置：RankHelper.Appinfo.UpdateSetting(D:\project\webbrowser\20181209\webbrowser\RankHelper\App\Appinfo.cs:330)

INFO  2018-12-25 19:58:09:804
消息：2018/12/25 19:58:09, 更新设置
位置：RankHelper.Appinfo.UpdateSetting(D:\project\webbrowser\20181209\webbrowser\RankHelper\App\Appinfo.cs:330)

INFO  2018-12-25 19:58:09:874
消息：当前IP地址：
位置：RankHelper.MainForm.ShowIP(D:\project\webbrowser\20181209\webbrowser\RankHelper\窗口\MainForm.cs:298)

INFO  2018-12-25 19:58:09:894
消息：删除缓存、cookie文件......
位置：RankHelper.MainForm.ShowTaskStatus(D:\project\webbrowser\20181209\webbrowser\RankHelper\窗口\MainForm.cs:291)

INFO  2018-12-25 19:58:14:903
消息：删除完成
位置：RankHelper.MainForm.ShowTaskStatus(D:\project\webbrowser\20181209\webbrowser\RankHelper\窗口\MainForm.cs:291)

INFO  2018-12-25 19:58:14:903
消息：更换IP
位置：RankHelper.MainForm.ShowTaskStatus(D:\project\webbrowser\20181209\webbrowser\RankHelper\窗口\MainForm.cs:291)

INFO  2018-12-25 20:05:44:477
消息：当前IP地址：
位置：RankHelper.MainForm.ShowIP(D:\project\webbrowser\20181209\webbrowser\RankHelper\窗口\MainForm.cs:298)

INFO  2018-12-25 20:05:44:477
消息：开始执行任务1
位置：RankHelper.MainForm.ShowTaskStatus(D:\project\webbrowser\20181209\webbrowser\RankHelper\窗口\MainForm.cs:291)

INFO  2018-12-25 20:05:51:655
消息：未开始挂机
位置：RankHelper.MainForm.ShowTaskStatus(D:\project\webbrowser\20181209\webbrowser\RankHelper\窗口\MainForm.cs:291)

INFO  2018-12-25 20:07:49:449
消息：任务超时，重置
位置：RankHelper.MainForm.ShowTaskStatus(D:\project\webbrowser\20181209\webbrowser\RankHelper\窗口\MainForm.cs:291)

INFO  2018-12-25 20:10:40:400
消息：2018/12/25 20:10:40, 更新设置
位置：RankHelper.Appinfo.UpdateSetting(D:\project\webbrowser\20181209\webbrowser\RankHelper\App\Appinfo.cs:330)

INFO  2018-12-25 20:10:40:490
消息：2018/12/25 20:10:40, 更新设置
位置：RankHelper.Appinfo.UpdateSetting(D:\project\webbrowser\20181209\webbrowser\RankHelper\App\Appinfo.cs:330)

INFO  2018-12-25 20:10:40:520
消息：2018/12/25 20:10:40, 更新设置
位置：RankHelper.Appinfo.UpdateSetting(D:\project\webbrowser\20181209\webbrowser\RankHelper\App\Appinfo.cs:330)

INFO  2018-12-25 20:10:40:560
消息：当前IP地址：
位置：RankHelper.MainForm.ShowIP(D:\project\webbrowser\20181209\webbrowser\RankHelper\窗口\MainForm.cs:298)

INFO  2018-12-25 20:10:40:570
消息：删除缓存、cookie文件......
位置：RankHelper.MainForm.ShowTaskStatus(D:\project\webbrowser\20181209\webbrowser\RankHelper\窗口\MainForm.cs:291)

INFO  2018-12-25 20:10:45:574
消息：删除完成
位置：RankHelper.MainForm.ShowTaskStatus(D:\project\webbrowser\20181209\webbrowser\RankHelper\窗口\MainForm.cs:291)

INFO  2018-12-25 20:10:45:574
消息：更换IP
位置：RankHelper.MainForm.ShowTaskStatus(D:\project\webbrowser\20181209\webbrowser\RankHelper\窗口\MainForm.cs:291)

INFO  2018-12-25 20:11:11:041
消息：当前IP地址：
位置：RankHelper.MainForm.ShowIP(D:\project\webbrowser\20181209\webbrowser\RankHelper\窗口\MainForm.cs:298)

INFO  2018-12-25 20:11:11:041
消息：开始执行任务1
位置：RankHelper.MainForm.ShowTaskStatus(D:\project\webbrowser\20181209\webbrowser\RankHelper\窗口\MainForm.cs:291)

INFO  2018-12-25 20:11:16:551
消息：开始搜索关键词,任务1
位置：RankHelper.MainForm.ShowTaskStatus(D:\project\webbrowser\20181209\webbrowser\RankHelper\窗口\MainForm.cs:291)

INFO  2018-12-25 20:13:13:565
消息：任务超时，重置
位置：RankHelper.MainForm.ShowTaskStatus(D:\project\webbrowser\20181209\webbrowser\RankHelper\窗口\MainForm.cs:291)

INFO  2018-12-25 20:13:13:635
消息：2018/12/25 20:13:13, 统计1条记录,1
位置：RankHelper.Appinfo.CountTask(D:\project\webbrowser\20181209\webbrowser\RankHelper\App\Appinfo.cs:229)

INFO  2018-12-25 20:13:25:101
消息：2018/12/25 20:13:25, 更新设置
位置：RankHelper.Appinfo.UpdateSetting(D:\project\webbrowser\20181209\webbrowser\RankHelper\App\Appinfo.cs:330)

INFO  2018-12-25 20:13:25:161
消息：2018/12/25 20:13:25, 更新设置
位置：RankHelper.Appinfo.UpdateSetting(D:\project\webbrowser\20181209\webbrowser\RankHelper\App\Appinfo.cs:330)

INFO  2018-12-25 20:13:25:181
消息：2018/12/25 20:13:25, 更新设置
位置：RankHelper.Appinfo.UpdateSetting(D:\project\webbrowser\20181209\webbrowser\RankHelper\App\Appinfo.cs:330)

INFO  2018-12-25 20:13:25:231
消息：当前IP地址：
位置：RankHelper.MainForm.ShowIP(D:\project\webbrowser\20181209\webbrowser\RankHelper\窗口\MainForm.cs:298)

INFO  2018-12-25 20:13:25:231
消息：删除缓存、cookie文件......
位置：RankHelper.MainForm.ShowTaskStatus(D:\project\webbrowser\20181209\webbrowser\RankHelper\窗口\MainForm.cs:291)

INFO  2018-12-25 20:13:30:233
消息：删除完成
位置：RankHelper.MainForm.ShowTaskStatus(D:\project\webbrowser\20181209\webbrowser\RankHelper\窗口\MainForm.cs:291)

INFO  2018-12-25 20:13:30:233
消息：更换IP
位置：RankHelper.MainForm.ShowTaskStatus(D:\project\webbrowser\20181209\webbrowser\RankHelper\窗口\MainForm.cs:291)

INFO  2018-12-25 20:13:53:065
消息：当前IP地址：
位置：RankHelper.MainForm.ShowIP(D:\project\webbrowser\20181209\webbrowser\RankHelper\窗口\MainForm.cs:298)

INFO  2018-12-25 20:13:53:075
消息：开始执行任务1
位置：RankHelper.MainForm.ShowTaskStatus(D:\project\webbrowser\20181209\webbrowser\RankHelper\窗口\MainForm.cs:291)

INFO  2018-12-25 20:13:58:023
消息：开始搜索关键词,任务1
位置：RankHelper.MainForm.ShowTaskStatus(D:\project\webbrowser\20181209\webbrowser\RankHelper\窗口\MainForm.cs:291)

INFO  2018-12-25 20:14:02:275
消息：未开始挂机
位置：RankHelper.MainForm.ShowTaskStatus(D:\project\webbrowser\20181209\webbrowser\RankHelper\窗口\MainForm.cs:291)

INFO  2018-12-25 20:15:55:022
消息：任务超时，重置
位置：RankHelper.MainForm.ShowTaskStatus(D:\project\webbrowser\20181209\webbrowser\RankHelper\窗口\MainForm.cs:291)
