
INFO  2018-11-08 19:19:15:065
消息：2018/11/8 19:19:15, 更新设置
位置：RankHelper.Appinfo.UpdateSetting(D:\project\new\RankHelper\App\Appinfo.cs:330)

INFO  2018-11-08 19:19:15:650
消息：2018/11/8 19:19:15, 更新设置
位置：RankHelper.Appinfo.UpdateSetting(D:\project\new\RankHelper\App\Appinfo.cs:330)

INFO  2018-11-08 19:19:15:740
消息：2018/11/8 19:19:15, 更新设置
位置：RankHelper.Appinfo.UpdateSetting(D:\project\new\RankHelper\App\Appinfo.cs:330)

INFO  2018-11-08 19:19:15:791
消息：当前IP地址：192.168.1.4
位置：RankHelper.MainForm.ShowIP(D:\project\new\RankHelper\窗口\MainForm.cs:292)

INFO  2018-11-08 19:19:15:872
消息：删除缓存、cookie文件......
位置：RankHelper.MainForm.ShowTaskStatus(D:\project\new\RankHelper\窗口\MainForm.cs:285)

INFO  2018-11-08 19:19:20:960
消息：删除完成
位置：RankHelper.MainForm.ShowTaskStatus(D:\project\new\RankHelper\窗口\MainForm.cs:285)

INFO  2018-11-08 19:19:20:969
消息：开始执行任务1
位置：RankHelper.MainForm.ShowTaskStatus(D:\project\new\RankHelper\窗口\MainForm.cs:285)

INFO  2018-11-08 19:19:27:429
消息：开始搜索关键词,任务1
位置：RankHelper.MainForm.ShowTaskStatus(D:\project\new\RankHelper\窗口\MainForm.cs:285)

INFO  2018-11-08 19:19:34:236
消息：未开始挂机
位置：RankHelper.MainForm.ShowTaskStatus(D:\project\new\RankHelper\窗口\MainForm.cs:285)

INFO  2018-11-08 19:24:02:040
消息：2018/11/8 19:24:02, 更新设置
位置：RankHelper.Appinfo.UpdateSetting(D:\project\new\RankHelper\App\Appinfo.cs:330)

INFO  2018-11-08 19:24:02:251
消息：2018/11/8 19:24:02, 更新设置
位置：RankHelper.Appinfo.UpdateSetting(D:\project\new\RankHelper\App\Appinfo.cs:330)

INFO  2018-11-08 19:24:02:376
消息：2018/11/8 19:24:02, 更新设置
位置：RankHelper.Appinfo.UpdateSetting(D:\project\new\RankHelper\App\Appinfo.cs:330)

INFO  2018-11-08 19:24:02:470
消息：当前IP地址：192.168.1.4
位置：RankHelper.MainForm.ShowIP(D:\project\new\RankHelper\窗口\MainForm.cs:292)

INFO  2018-11-08 19:24:19:990
消息：删除缓存、cookie文件......
位置：RankHelper.MainForm.ShowTaskStatus(D:\project\new\RankHelper\窗口\MainForm.cs:285)

INFO  2018-11-08 19:24:24:994
消息：删除完成
位置：RankHelper.MainForm.ShowTaskStatus(D:\project\new\RankHelper\窗口\MainForm.cs:285)

INFO  2018-11-08 19:24:25:019
消息：开始执行任务1
位置：RankHelper.MainForm.ShowTaskStatus(D:\project\new\RankHelper\窗口\MainForm.cs:285)

INFO  2018-11-08 19:24:37:424
消息：开始搜索关键词,任务1
位置：RankHelper.MainForm.ShowTaskStatus(D:\project\new\RankHelper\窗口\MainForm.cs:285)

INFO  2018-11-08 19:24:46:282
消息：开始查找网站,当前页码1,任务1
位置：RankHelper.MainForm.ShowTaskStatus(D:\project\new\RankHelper\窗口\MainForm.cs:285)

INFO  2018-11-08 19:24:49:305
消息：查找到符合的网站,当前页码1,任务1
位置：RankHelper.MainForm.ShowTaskStatus(D:\project\new\RankHelper\窗口\MainForm.cs:285)

INFO  2018-11-08 19:25:28:485
消息：未开始挂机
位置：RankHelper.MainForm.ShowTaskStatus(D:\project\new\RankHelper\窗口\MainForm.cs:285)

INFO  2018-11-08 19:25:34:919
消息：删除缓存、cookie文件......
位置：RankHelper.MainForm.ShowTaskStatus(D:\project\new\RankHelper\窗口\MainForm.cs:285)

INFO  2018-11-08 19:25:39:920
消息：删除完成
位置：RankHelper.MainForm.ShowTaskStatus(D:\project\new\RankHelper\窗口\MainForm.cs:285)

INFO  2018-11-08 19:25:39:935
消息：开始执行任务1
位置：RankHelper.MainForm.ShowTaskStatus(D:\project\new\RankHelper\窗口\MainForm.cs:285)

INFO  2018-11-08 19:25:44:530
消息：开始搜索关键词,任务1
位置：RankHelper.MainForm.ShowTaskStatus(D:\project\new\RankHelper\窗口\MainForm.cs:285)

INFO  2018-11-08 19:25:46:570
消息：开始查找网站,当前页码1,任务1
位置：RankHelper.MainForm.ShowTaskStatus(D:\project\new\RankHelper\窗口\MainForm.cs:285)

INFO  2018-11-08 19:25:49:571
消息：查找到符合的网站,当前页码1,任务1
位置：RankHelper.MainForm.ShowTaskStatus(D:\project\new\RankHelper\窗口\MainForm.cs:285)

INFO  2018-11-08 19:26:49:286
消息：2018/11/8 19:26:49, 更新设置
位置：RankHelper.Appinfo.UpdateSetting(D:\project\new\RankHelper\App\Appinfo.cs:330)

INFO  2018-11-08 19:26:49:435
消息：2018/11/8 19:26:49, 更新设置
位置：RankHelper.Appinfo.UpdateSetting(D:\project\new\RankHelper\App\Appinfo.cs:330)

INFO  2018-11-08 19:26:44:738
消息：2018/11/8 19:26:44, 更新设置
位置：RankHelper.Appinfo.UpdateSetting(D:\project\new\RankHelper\App\Appinfo.cs:330)

INFO  2018-11-08 19:26:44:808
消息：当前IP地址：192.168.1.4
位置：RankHelper.MainForm.ShowIP(D:\project\new\RankHelper\窗口\MainForm.cs:292)

INFO  2018-11-08 19:26:51:586
消息：删除缓存、cookie文件......
位置：RankHelper.MainForm.ShowTaskStatus(D:\project\new\RankHelper\窗口\MainForm.cs:285)

INFO  2018-11-08 19:26:56:587
消息：删除完成
位置：RankHelper.MainForm.ShowTaskStatus(D:\project\new\RankHelper\窗口\MainForm.cs:285)

INFO  2018-11-08 19:26:56:604
消息：开始执行任务1
位置：RankHelper.MainForm.ShowTaskStatus(D:\project\new\RankHelper\窗口\MainForm.cs:285)

INFO  2018-11-08 19:28:12:586
消息：开始搜索关键词,任务1
位置：RankHelper.MainForm.ShowTaskStatus(D:\project\new\RankHelper\窗口\MainForm.cs:285)

INFO  2018-11-08 19:28:25:587
消息：未开始挂机
位置：RankHelper.MainForm.ShowTaskStatus(D:\project\new\RankHelper\窗口\MainForm.cs:285)

INFO  2018-11-08 19:28:31:315
消息：删除缓存、cookie文件......
位置：RankHelper.MainForm.ShowTaskStatus(D:\project\new\RankHelper\窗口\MainForm.cs:285)

INFO  2018-11-08 19:28:36:315
消息：删除完成
位置：RankHelper.MainForm.ShowTaskStatus(D:\project\new\RankHelper\窗口\MainForm.cs:285)

INFO  2018-11-08 19:28:36:330
消息：开始执行任务1
位置：RankHelper.MainForm.ShowTaskStatus(D:\project\new\RankHelper\窗口\MainForm.cs:285)

INFO  2018-11-08 19:28:40:855
消息：开始搜索关键词,任务1
位置：RankHelper.MainForm.ShowTaskStatus(D:\project\new\RankHelper\窗口\MainForm.cs:285)

INFO  2018-11-08 19:28:46:896
消息：开始查找网站,当前页码1,任务1
位置：RankHelper.MainForm.ShowTaskStatus(D:\project\new\RankHelper\窗口\MainForm.cs:285)

INFO  2018-11-08 19:28:49:919
消息：查找到符合的网站,当前页码1,任务1
位置：RankHelper.MainForm.ShowTaskStatus(D:\project\new\RankHelper\窗口\MainForm.cs:285)

INFO  2018-11-08 19:29:41:690
消息：2018/11/8 19:29:41, 更新设置
位置：RankHelper.Appinfo.UpdateSetting(D:\project\new\RankHelper\App\Appinfo.cs:330)

INFO  2018-11-08 19:29:41:843
消息：2018/11/8 19:29:41, 更新设置
位置：RankHelper.Appinfo.UpdateSetting(D:\project\new\RankHelper\App\Appinfo.cs:330)

INFO  2018-11-08 19:29:41:953
消息：2018/11/8 19:29:41, 更新设置
位置：RankHelper.Appinfo.UpdateSetting(D:\project\new\RankHelper\App\Appinfo.cs:330)

INFO  2018-11-08 19:29:42:011
消息：当前IP地址：192.168.1.4
位置：RankHelper.MainForm.ShowIP(D:\project\new\RankHelper\窗口\MainForm.cs:292)

INFO  2018-11-08 19:29:49:781
消息：删除缓存、cookie文件......
位置：RankHelper.MainForm.ShowTaskStatus(D:\project\new\RankHelper\窗口\MainForm.cs:285)

INFO  2018-11-08 19:29:54:783
消息：删除完成
位置：RankHelper.MainForm.ShowTaskStatus(D:\project\new\RankHelper\窗口\MainForm.cs:285)

INFO  2018-11-08 19:29:54:806
消息：开始执行任务1
位置：RankHelper.MainForm.ShowTaskStatus(D:\project\new\RankHelper\窗口\MainForm.cs:285)

INFO  2018-11-08 19:30:00:432
消息：开始搜索关键词,任务1
位置：RankHelper.MainForm.ShowTaskStatus(D:\project\new\RankHelper\窗口\MainForm.cs:285)

INFO  2018-11-08 19:30:02:201
消息：开始查找网站,当前页码1,任务1
位置：RankHelper.MainForm.ShowTaskStatus(D:\project\new\RankHelper\窗口\MainForm.cs:285)

INFO  2018-11-08 19:30:05:222
消息：查找到符合的网站,当前页码1,任务1
位置：RankHelper.MainForm.ShowTaskStatus(D:\project\new\RankHelper\窗口\MainForm.cs:285)

INFO  2018-11-08 19:31:03:437
消息：2018/11/8 19:31:03, 更新设置
位置：RankHelper.Appinfo.UpdateSetting(D:\project\new\RankHelper\App\Appinfo.cs:330)

INFO  2018-11-08 19:31:03:650
消息：2018/11/8 19:31:03, 更新设置
位置：RankHelper.Appinfo.UpdateSetting(D:\project\new\RankHelper\App\Appinfo.cs:330)

INFO  2018-11-08 19:31:03:758
消息：2018/11/8 19:31:03, 更新设置
位置：RankHelper.Appinfo.UpdateSetting(D:\project\new\RankHelper\App\Appinfo.cs:330)

INFO  2018-11-08 19:31:03:829
消息：当前IP地址：192.168.1.4
位置：RankHelper.MainForm.ShowIP(D:\project\new\RankHelper\窗口\MainForm.cs:292)

INFO  2018-11-08 19:31:10:998
消息：删除缓存、cookie文件......
位置：RankHelper.MainForm.ShowTaskStatus(D:\project\new\RankHelper\窗口\MainForm.cs:285)

INFO  2018-11-08 19:31:16:000
消息：删除完成
位置：RankHelper.MainForm.ShowTaskStatus(D:\project\new\RankHelper\窗口\MainForm.cs:285)

INFO  2018-11-08 19:31:16:024
消息：开始执行任务1
位置：RankHelper.MainForm.ShowTaskStatus(D:\project\new\RankHelper\窗口\MainForm.cs:285)

INFO  2018-11-08 19:32:30:923
消息：未开始挂机
位置：RankHelper.MainForm.ShowTaskStatus(D:\project\new\RankHelper\窗口\MainForm.cs:285)

INFO  2018-11-08 19:35:05:727
消息：2018/11/8 19:35:05, 修改1条记录,1
位置：RankHelper.Appinfo.ChangeTask(D:\project\new\RankHelper\App\Appinfo.cs:184)

INFO  2018-11-08 19:35:13:101
消息：删除缓存、cookie文件......
位置：RankHelper.MainForm.ShowTaskStatus(D:\project\new\RankHelper\窗口\MainForm.cs:285)

INFO  2018-11-08 19:35:18:102
消息：删除完成
位置：RankHelper.MainForm.ShowTaskStatus(D:\project\new\RankHelper\窗口\MainForm.cs:285)

INFO  2018-11-08 19:35:18:106
消息：开始执行任务1
位置：RankHelper.MainForm.ShowTaskStatus(D:\project\new\RankHelper\窗口\MainForm.cs:285)

INFO  2018-11-08 19:35:58:498
消息：未开始挂机
位置：RankHelper.MainForm.ShowTaskStatus(D:\project\new\RankHelper\窗口\MainForm.cs:285)

INFO  2018-11-08 20:05:00:551
消息：删除缓存、cookie文件......
位置：RankHelper.MainForm.ShowTaskStatus(D:\project\new\RankHelper\窗口\MainForm.cs:285)

INFO  2018-11-08 20:05:05:551
消息：删除完成
位置：RankHelper.MainForm.ShowTaskStatus(D:\project\new\RankHelper\窗口\MainForm.cs:285)

INFO  2018-11-08 20:05:05:566
消息：开始执行任务1
位置：RankHelper.MainForm.ShowTaskStatus(D:\project\new\RankHelper\窗口\MainForm.cs:285)

INFO  2018-11-08 20:06:25:163
消息：未开始挂机
位置：RankHelper.MainForm.ShowTaskStatus(D:\project\new\RankHelper\窗口\MainForm.cs:285)

INFO  2018-11-08 20:06:31:558
消息：删除缓存、cookie文件......
位置：RankHelper.MainForm.ShowTaskStatus(D:\project\new\RankHelper\窗口\MainForm.cs:285)

INFO  2018-11-08 20:06:36:558
消息：删除完成
位置：RankHelper.MainForm.ShowTaskStatus(D:\project\new\RankHelper\窗口\MainForm.cs:285)

INFO  2018-11-08 20:06:36:570
消息：开始执行任务1
位置：RankHelper.MainForm.ShowTaskStatus(D:\project\new\RankHelper\窗口\MainForm.cs:285)

INFO  2018-11-08 20:07:11:407
消息：未开始挂机
位置：RankHelper.MainForm.ShowTaskStatus(D:\project\new\RankHelper\窗口\MainForm.cs:285)

INFO  2018-11-08 20:07:21:156
消息：删除缓存、cookie文件......
位置：RankHelper.MainForm.ShowTaskStatus(D:\project\new\RankHelper\窗口\MainForm.cs:285)

INFO  2018-11-08 20:07:26:156
消息：删除完成
位置：RankHelper.MainForm.ShowTaskStatus(D:\project\new\RankHelper\窗口\MainForm.cs:285)

INFO  2018-11-08 20:07:26:174
消息：开始执行任务1
位置：RankHelper.MainForm.ShowTaskStatus(D:\project\new\RankHelper\窗口\MainForm.cs:285)

INFO  2018-11-08 20:08:09:798
消息：未开始挂机
位置：RankHelper.MainForm.ShowTaskStatus(D:\project\new\RankHelper\窗口\MainForm.cs:285)

INFO  2018-11-08 20:08:15:409
消息：删除缓存、cookie文件......
位置：RankHelper.MainForm.ShowTaskStatus(D:\project\new\RankHelper\窗口\MainForm.cs:285)

INFO  2018-11-08 20:08:20:409
消息：删除完成
位置：RankHelper.MainForm.ShowTaskStatus(D:\project\new\RankHelper\窗口\MainForm.cs:285)

INFO  2018-11-08 20:08:20:441
消息：开始执行任务1
位置：RankHelper.MainForm.ShowTaskStatus(D:\project\new\RankHelper\窗口\MainForm.cs:285)

INFO  2018-11-08 20:09:17:814
消息：未开始挂机
位置：RankHelper.MainForm.ShowTaskStatus(D:\project\new\RankHelper\窗口\MainForm.cs:285)

INFO  2018-11-08 20:09:23:435
消息：删除缓存、cookie文件......
位置：RankHelper.MainForm.ShowTaskStatus(D:\project\new\RankHelper\窗口\MainForm.cs:285)

INFO  2018-11-08 20:09:28:435
消息：删除完成
位置：RankHelper.MainForm.ShowTaskStatus(D:\project\new\RankHelper\窗口\MainForm.cs:285)

INFO  2018-11-08 20:09:28:446
消息：开始执行任务1
位置：RankHelper.MainForm.ShowTaskStatus(D:\project\new\RankHelper\窗口\MainForm.cs:285)

INFO  2018-11-08 20:11:33:798
消息：2018/11/8 20:11:33, 更新设置
位置：RankHelper.Appinfo.UpdateSetting(D:\project\new\RankHelper\App\Appinfo.cs:330)

INFO  2018-11-08 20:11:33:936
消息：2018/11/8 20:11:33, 更新设置
位置：RankHelper.Appinfo.UpdateSetting(D:\project\new\RankHelper\App\Appinfo.cs:330)

INFO  2018-11-08 20:11:34:034
消息：2018/11/8 20:11:34, 更新设置
位置：RankHelper.Appinfo.UpdateSetting(D:\project\new\RankHelper\App\Appinfo.cs:330)

INFO  2018-11-08 20:11:34:075
消息：当前IP地址：192.168.1.20
位置：RankHelper.MainForm.ShowIP(D:\project\new\RankHelper\窗口\MainForm.cs:292)

INFO  2018-11-08 20:11:40:300
消息：删除缓存、cookie文件......
位置：RankHelper.MainForm.ShowTaskStatus(D:\project\new\RankHelper\窗口\MainForm.cs:285)

INFO  2018-11-08 20:11:45:305
消息：删除完成
位置：RankHelper.MainForm.ShowTaskStatus(D:\project\new\RankHelper\窗口\MainForm.cs:285)

INFO  2018-11-08 20:11:45:332
消息：开始执行任务1
位置：RankHelper.MainForm.ShowTaskStatus(D:\project\new\RankHelper\窗口\MainForm.cs:285)

INFO  2018-11-08 20:11:56:851
消息：开始搜索关键词,任务1
位置：RankHelper.MainForm.ShowTaskStatus(D:\project\new\RankHelper\窗口\MainForm.cs:285)

INFO  2018-11-08 20:12:09:931
消息：未开始挂机
位置：RankHelper.MainForm.ShowTaskStatus(D:\project\new\RankHelper\窗口\MainForm.cs:285)

INFO  2018-11-08 20:12:15:417
消息：删除缓存、cookie文件......
位置：RankHelper.MainForm.ShowTaskStatus(D:\project\new\RankHelper\窗口\MainForm.cs:285)

INFO  2018-11-08 20:12:20:418
消息：删除完成
位置：RankHelper.MainForm.ShowTaskStatus(D:\project\new\RankHelper\窗口\MainForm.cs:285)

INFO  2018-11-08 20:12:20:433
消息：开始执行任务1
位置：RankHelper.MainForm.ShowTaskStatus(D:\project\new\RankHelper\窗口\MainForm.cs:285)
