
INFO  2018-12-26 18:01:07:806
消息：2018/12/26 18:01:07, 更新设置
位置：RankHelper.Appinfo.UpdateSetting(D:\project\webbrowser\20181209\webbrowser\RankHelper\App\Appinfo.cs:330)

INFO  2018-12-26 18:01:07:896
消息：2018/12/26 18:01:07, 更新设置
位置：RankHelper.Appinfo.UpdateSetting(D:\project\webbrowser\20181209\webbrowser\RankHelper\App\Appinfo.cs:330)

INFO  2018-12-26 18:01:07:926
消息：2018/12/26 18:01:07, 更新设置
位置：RankHelper.Appinfo.UpdateSetting(D:\project\webbrowser\20181209\webbrowser\RankHelper\App\Appinfo.cs:330)

INFO  2018-12-26 18:01:08:006
消息：当前IP地址：
位置：RankHelper.MainForm.ShowIP(D:\project\webbrowser\20181209\webbrowser\RankHelper\窗口\MainForm.cs:298)

INFO  2018-12-26 18:01:08:016
消息：删除缓存、cookie文件......
位置：RankHelper.MainForm.ShowTaskStatus(D:\project\webbrowser\20181209\webbrowser\RankHelper\窗口\MainForm.cs:291)

INFO  2018-12-26 18:01:13:024
消息：删除完成
位置：RankHelper.MainForm.ShowTaskStatus(D:\project\webbrowser\20181209\webbrowser\RankHelper\窗口\MainForm.cs:291)

INFO  2018-12-26 18:01:13:024
消息：更换IP
位置：RankHelper.MainForm.ShowTaskStatus(D:\project\webbrowser\20181209\webbrowser\RankHelper\窗口\MainForm.cs:291)

INFO  2018-12-26 18:01:35:680
消息：当前IP地址：
位置：RankHelper.MainForm.ShowIP(D:\project\webbrowser\20181209\webbrowser\RankHelper\窗口\MainForm.cs:298)

INFO  2018-12-26 18:01:35:680
消息：开始执行任务1
位置：RankHelper.MainForm.ShowTaskStatus(D:\project\webbrowser\20181209\webbrowser\RankHelper\窗口\MainForm.cs:291)

INFO  2018-12-26 18:01:42:240
消息：未开始挂机
位置：RankHelper.MainForm.ShowTaskStatus(D:\project\webbrowser\20181209\webbrowser\RankHelper\窗口\MainForm.cs:291)

INFO  2018-12-26 18:21:09:421
消息：2018/12/26 18:21:09, 更新设置
位置：RankHelper.Appinfo.UpdateSetting(D:\project\webbrowser\20181209\webbrowser\RankHelper\App\Appinfo.cs:330)

INFO  2018-12-26 18:21:09:511
消息：2018/12/26 18:21:09, 更新设置
位置：RankHelper.Appinfo.UpdateSetting(D:\project\webbrowser\20181209\webbrowser\RankHelper\App\Appinfo.cs:330)

INFO  2018-12-26 18:21:09:531
消息：2018/12/26 18:21:09, 更新设置
位置：RankHelper.Appinfo.UpdateSetting(D:\project\webbrowser\20181209\webbrowser\RankHelper\App\Appinfo.cs:330)

INFO  2018-12-26 18:21:09:581
消息：当前IP地址：
位置：RankHelper.MainForm.ShowIP(D:\project\webbrowser\20181209\webbrowser\RankHelper\窗口\MainForm.cs:298)

INFO  2018-12-26 18:21:09:581
消息：删除缓存、cookie文件......
位置：RankHelper.MainForm.ShowTaskStatus(D:\project\webbrowser\20181209\webbrowser\RankHelper\窗口\MainForm.cs:291)

INFO  2018-12-26 18:21:14:591
消息：删除完成
位置：RankHelper.MainForm.ShowTaskStatus(D:\project\webbrowser\20181209\webbrowser\RankHelper\窗口\MainForm.cs:291)

INFO  2018-12-26 18:21:14:601
消息：更换IP
位置：RankHelper.MainForm.ShowTaskStatus(D:\project\webbrowser\20181209\webbrowser\RankHelper\窗口\MainForm.cs:291)

INFO  2018-12-26 18:21:55:144
消息：当前IP地址：
位置：RankHelper.MainForm.ShowIP(D:\project\webbrowser\20181209\webbrowser\RankHelper\窗口\MainForm.cs:298)

INFO  2018-12-26 18:21:55:144
消息：开始执行任务1
位置：RankHelper.MainForm.ShowTaskStatus(D:\project\webbrowser\20181209\webbrowser\RankHelper\窗口\MainForm.cs:291)

INFO  2018-12-26 18:22:02:537
消息：未开始挂机
位置：RankHelper.MainForm.ShowTaskStatus(D:\project\webbrowser\20181209\webbrowser\RankHelper\窗口\MainForm.cs:291)

INFO  2018-12-26 18:47:48:755
消息：2018/12/26 18:47:48, 更新设置
位置：RankHelper.Appinfo.UpdateSetting(D:\project\webbrowser\20181209\webbrowser\RankHelper\App\Appinfo.cs:330)

INFO  2018-12-26 18:47:48:859
消息：2018/12/26 18:47:48, 更新设置
位置：RankHelper.Appinfo.UpdateSetting(D:\project\webbrowser\20181209\webbrowser\RankHelper\App\Appinfo.cs:330)

INFO  2018-12-26 18:47:48:882
消息：2018/12/26 18:47:48, 更新设置
位置：RankHelper.Appinfo.UpdateSetting(D:\project\webbrowser\20181209\webbrowser\RankHelper\App\Appinfo.cs:330)

INFO  2018-12-26 18:47:48:922
消息：当前IP地址：
位置：RankHelper.MainForm.ShowIP(D:\project\webbrowser\20181209\webbrowser\RankHelper\窗口\MainForm.cs:298)

INFO  2018-12-26 18:47:48:932
消息：删除缓存、cookie文件......
位置：RankHelper.MainForm.ShowTaskStatus(D:\project\webbrowser\20181209\webbrowser\RankHelper\窗口\MainForm.cs:291)

INFO  2018-12-26 18:47:53:932
消息：删除完成
位置：RankHelper.MainForm.ShowTaskStatus(D:\project\webbrowser\20181209\webbrowser\RankHelper\窗口\MainForm.cs:291)

INFO  2018-12-26 18:47:53:932
消息：更换IP
位置：RankHelper.MainForm.ShowTaskStatus(D:\project\webbrowser\20181209\webbrowser\RankHelper\窗口\MainForm.cs:291)

INFO  2018-12-26 18:49:01:748
消息：当前IP地址：
位置：RankHelper.MainForm.ShowIP(D:\project\webbrowser\20181209\webbrowser\RankHelper\窗口\MainForm.cs:298)

INFO  2018-12-26 18:49:01:748
消息：开始执行任务1
位置：RankHelper.MainForm.ShowTaskStatus(D:\project\webbrowser\20181209\webbrowser\RankHelper\窗口\MainForm.cs:291)

INFO  2018-12-26 18:49:08:624
消息：开始搜索关键词,任务1
位置：RankHelper.MainForm.ShowTaskStatus(D:\project\webbrowser\20181209\webbrowser\RankHelper\窗口\MainForm.cs:291)

INFO  2018-12-26 18:49:22:866
消息：未开始挂机
位置：RankHelper.MainForm.ShowTaskStatus(D:\project\webbrowser\20181209\webbrowser\RankHelper\窗口\MainForm.cs:291)

INFO  2018-12-26 18:51:05:641
消息：任务超时，重置
位置：RankHelper.MainForm.ShowTaskStatus(D:\project\webbrowser\20181209\webbrowser\RankHelper\窗口\MainForm.cs:291)

INFO  2018-12-26 19:21:12:748
消息：2018/12/26 19:21:12, 更新设置
位置：RankHelper.Appinfo.UpdateSetting(D:\project\webbrowser\20181209\webbrowser\RankHelper\App\Appinfo.cs:330)

INFO  2018-12-26 19:21:12:828
消息：2018/12/26 19:21:12, 更新设置
位置：RankHelper.Appinfo.UpdateSetting(D:\project\webbrowser\20181209\webbrowser\RankHelper\App\Appinfo.cs:330)

INFO  2018-12-26 19:21:12:848
消息：2018/12/26 19:21:12, 更新设置
位置：RankHelper.Appinfo.UpdateSetting(D:\project\webbrowser\20181209\webbrowser\RankHelper\App\Appinfo.cs:330)

INFO  2018-12-26 19:21:12:888
消息：当前IP地址：
位置：RankHelper.MainForm.ShowIP(D:\project\webbrowser\20181209\webbrowser\RankHelper\窗口\MainForm.cs:298)

INFO  2018-12-26 19:21:12:898
消息：删除缓存、cookie文件......
位置：RankHelper.MainForm.ShowTaskStatus(D:\project\webbrowser\20181209\webbrowser\RankHelper\窗口\MainForm.cs:291)

INFO  2018-12-26 19:21:17:900
消息：删除完成
位置：RankHelper.MainForm.ShowTaskStatus(D:\project\webbrowser\20181209\webbrowser\RankHelper\窗口\MainForm.cs:291)

INFO  2018-12-26 19:21:17:910
消息：更换IP
位置：RankHelper.MainForm.ShowTaskStatus(D:\project\webbrowser\20181209\webbrowser\RankHelper\窗口\MainForm.cs:291)

INFO  2018-12-26 19:21:41:835
消息：当前IP地址：
位置：RankHelper.MainForm.ShowIP(D:\project\webbrowser\20181209\webbrowser\RankHelper\窗口\MainForm.cs:298)

INFO  2018-12-26 19:21:41:835
消息：开始执行任务1
位置：RankHelper.MainForm.ShowTaskStatus(D:\project\webbrowser\20181209\webbrowser\RankHelper\窗口\MainForm.cs:291)

INFO  2018-12-26 19:21:47:132
消息：开始搜索关键词,任务1
位置：RankHelper.MainForm.ShowTaskStatus(D:\project\webbrowser\20181209\webbrowser\RankHelper\窗口\MainForm.cs:291)

INFO  2018-12-26 19:21:49:156
消息：未开始挂机
位置：RankHelper.MainForm.ShowTaskStatus(D:\project\webbrowser\20181209\webbrowser\RankHelper\窗口\MainForm.cs:291)

INFO  2018-12-26 19:23:44:130
消息：任务超时，重置
位置：RankHelper.MainForm.ShowTaskStatus(D:\project\webbrowser\20181209\webbrowser\RankHelper\窗口\MainForm.cs:291)

INFO  2018-12-26 19:44:31:463
消息：2018/12/26 19:44:31, 更新设置
位置：RankHelper.Appinfo.UpdateSetting(D:\project\webbrowser\20181209\webbrowser\RankHelper\App\Appinfo.cs:330)

INFO  2018-12-26 19:44:31:533
消息：2018/12/26 19:44:31, 更新设置
位置：RankHelper.Appinfo.UpdateSetting(D:\project\webbrowser\20181209\webbrowser\RankHelper\App\Appinfo.cs:330)

INFO  2018-12-26 19:44:31:553
消息：2018/12/26 19:44:31, 更新设置
位置：RankHelper.Appinfo.UpdateSetting(D:\project\webbrowser\20181209\webbrowser\RankHelper\App\Appinfo.cs:330)

INFO  2018-12-26 19:44:31:623
消息：当前IP地址：
位置：RankHelper.MainForm.ShowIP(D:\project\webbrowser\20181209\webbrowser\RankHelper\窗口\MainForm.cs:298)

INFO  2018-12-26 19:44:31:633
消息：删除缓存、cookie文件......
位置：RankHelper.MainForm.ShowTaskStatus(D:\project\webbrowser\20181209\webbrowser\RankHelper\窗口\MainForm.cs:291)

INFO  2018-12-26 19:44:36:635
消息：删除完成
位置：RankHelper.MainForm.ShowTaskStatus(D:\project\webbrowser\20181209\webbrowser\RankHelper\窗口\MainForm.cs:291)

INFO  2018-12-26 19:44:36:645
消息：更换IP
位置：RankHelper.MainForm.ShowTaskStatus(D:\project\webbrowser\20181209\webbrowser\RankHelper\窗口\MainForm.cs:291)

INFO  2018-12-26 19:44:59:408
消息：当前IP地址：
位置：RankHelper.MainForm.ShowIP(D:\project\webbrowser\20181209\webbrowser\RankHelper\窗口\MainForm.cs:298)

INFO  2018-12-26 19:44:59:408
消息：开始执行任务1
位置：RankHelper.MainForm.ShowTaskStatus(D:\project\webbrowser\20181209\webbrowser\RankHelper\窗口\MainForm.cs:291)

INFO  2018-12-26 19:45:05:578
消息：开始搜索关键词,任务1
位置：RankHelper.MainForm.ShowTaskStatus(D:\project\webbrowser\20181209\webbrowser\RankHelper\窗口\MainForm.cs:291)

INFO  2018-12-26 19:45:06:148
消息：未开始挂机
位置：RankHelper.MainForm.ShowTaskStatus(D:\project\webbrowser\20181209\webbrowser\RankHelper\窗口\MainForm.cs:291)
