
INFO  2018-12-19 13:26:15:350
消息：2018/12/19 13:26:15, 更新设置
位置：RankHelper.Appinfo.UpdateSetting(D:\project\webbrowser\20181209\webbrowser\RankHelper\App\Appinfo.cs:330)

INFO  2018-12-19 13:26:15:425
消息：2018/12/19 13:26:15, 更新设置
位置：RankHelper.Appinfo.UpdateSetting(D:\project\webbrowser\20181209\webbrowser\RankHelper\App\Appinfo.cs:330)

INFO  2018-12-19 13:26:15:450
消息：2018/12/19 13:26:15, 更新设置
位置：RankHelper.Appinfo.UpdateSetting(D:\project\webbrowser\20181209\webbrowser\RankHelper\App\Appinfo.cs:330)

INFO  2018-12-19 13:26:15:574
消息：当前IP地址：192.168.1.248
位置：RankHelper.MainForm.ShowIP(D:\project\webbrowser\20181209\webbrowser\RankHelper\窗口\MainForm.cs:292)

INFO  2018-12-19 13:27:06:118
消息：2018/12/19 13:27:06, 修改1条记录,1
位置：RankHelper.Appinfo.ChangeTask(D:\project\webbrowser\20181209\webbrowser\RankHelper\App\Appinfo.cs:184)

INFO  2018-12-19 13:27:57:764
消息：2018/12/19 13:27:57, 修改1条记录,1
位置：RankHelper.Appinfo.ChangeTask(D:\project\webbrowser\20181209\webbrowser\RankHelper\App\Appinfo.cs:184)

INFO  2018-12-19 13:29:45:819
消息：2018/12/19 13:29:45, 修改1条记录,1
位置：RankHelper.Appinfo.ChangeTask(D:\project\webbrowser\20181209\webbrowser\RankHelper\App\Appinfo.cs:184)

INFO  2018-12-19 13:33:48:949
消息：2018/12/19 13:33:48, 修改1条记录,1
位置：RankHelper.Appinfo.ChangeTask(D:\project\webbrowser\20181209\webbrowser\RankHelper\App\Appinfo.cs:184)

INFO  2018-12-19 13:34:57:166
消息：2018/12/19 13:34:57, 更新设置
位置：RankHelper.Appinfo.UpdateSetting(D:\project\webbrowser\20181209\webbrowser\RankHelper\App\Appinfo.cs:330)

INFO  2018-12-19 13:34:57:215
消息：2018/12/19 13:34:57, 更新设置
位置：RankHelper.Appinfo.UpdateSetting(D:\project\webbrowser\20181209\webbrowser\RankHelper\App\Appinfo.cs:330)

INFO  2018-12-19 13:34:57:240
消息：2018/12/19 13:34:57, 更新设置
位置：RankHelper.Appinfo.UpdateSetting(D:\project\webbrowser\20181209\webbrowser\RankHelper\App\Appinfo.cs:330)

INFO  2018-12-19 13:34:57:304
消息：当前IP地址：192.168.1.248
位置：RankHelper.MainForm.ShowIP(D:\project\webbrowser\20181209\webbrowser\RankHelper\窗口\MainForm.cs:292)

INFO  2018-12-19 13:35:54:962
消息：2018/12/19 13:35:54, 更新设置
位置：RankHelper.Appinfo.UpdateSetting(D:\project\webbrowser\20181209\webbrowser\RankHelper\App\Appinfo.cs:330)

INFO  2018-12-19 13:35:55:048
消息：2018/12/19 13:35:55, 更新设置
位置：RankHelper.Appinfo.UpdateSetting(D:\project\webbrowser\20181209\webbrowser\RankHelper\App\Appinfo.cs:330)

INFO  2018-12-19 13:35:55:071
消息：2018/12/19 13:35:55, 更新设置
位置：RankHelper.Appinfo.UpdateSetting(D:\project\webbrowser\20181209\webbrowser\RankHelper\App\Appinfo.cs:330)

INFO  2018-12-19 13:35:55:153
消息：当前IP地址：192.168.1.248
位置：RankHelper.MainForm.ShowIP(D:\project\webbrowser\20181209\webbrowser\RankHelper\窗口\MainForm.cs:292)

INFO  2018-12-19 13:36:11:871
消息：2018/12/19 13:36:11, 修改1条记录,1
位置：RankHelper.Appinfo.ChangeTask(D:\project\webbrowser\20181209\webbrowser\RankHelper\App\Appinfo.cs:184)

INFO  2018-12-19 13:36:17:390
消息：2018/12/19 13:36:17, 修改1条记录,1
位置：RankHelper.Appinfo.ChangeTask(D:\project\webbrowser\20181209\webbrowser\RankHelper\App\Appinfo.cs:184)

INFO  2018-12-19 13:36:23:469
消息：2018/12/19 13:36:23, 修改1条记录,1
位置：RankHelper.Appinfo.ChangeTask(D:\project\webbrowser\20181209\webbrowser\RankHelper\App\Appinfo.cs:184)

INFO  2018-12-19 13:38:47:753
消息：2018/12/19 13:38:47, 更新设置
位置：RankHelper.Appinfo.UpdateSetting(D:\project\webbrowser\20181209\webbrowser\RankHelper\App\Appinfo.cs:330)

INFO  2018-12-19 13:38:47:801
消息：2018/12/19 13:38:47, 更新设置
位置：RankHelper.Appinfo.UpdateSetting(D:\project\webbrowser\20181209\webbrowser\RankHelper\App\Appinfo.cs:330)

INFO  2018-12-19 13:38:47:825
消息：2018/12/19 13:38:47, 更新设置
位置：RankHelper.Appinfo.UpdateSetting(D:\project\webbrowser\20181209\webbrowser\RankHelper\App\Appinfo.cs:330)

INFO  2018-12-19 13:38:47:869
消息：当前IP地址：192.168.1.248
位置：RankHelper.MainForm.ShowIP(D:\project\webbrowser\20181209\webbrowser\RankHelper\窗口\MainForm.cs:292)

INFO  2018-12-19 13:40:17:291
消息：2018/12/19 13:40:17, 更新设置
位置：RankHelper.Appinfo.UpdateSetting(D:\project\webbrowser\20181209\webbrowser\RankHelper\App\Appinfo.cs:330)

INFO  2018-12-19 13:40:19:325
消息：2018/12/19 13:40:19, 更新设置
位置：RankHelper.Appinfo.UpdateSetting(D:\project\webbrowser\20181209\webbrowser\RankHelper\App\Appinfo.cs:330)

INFO  2018-12-19 13:43:16:494
消息：2018/12/19 13:43:16, 更新设置
位置：RankHelper.Appinfo.UpdateSetting(D:\project\webbrowser\20181209\webbrowser\RankHelper\App\Appinfo.cs:330)

INFO  2018-12-19 13:43:16:540
消息：2018/12/19 13:43:16, 更新设置
位置：RankHelper.Appinfo.UpdateSetting(D:\project\webbrowser\20181209\webbrowser\RankHelper\App\Appinfo.cs:330)

INFO  2018-12-19 13:43:16:575
消息：2018/12/19 13:43:16, 更新设置
位置：RankHelper.Appinfo.UpdateSetting(D:\project\webbrowser\20181209\webbrowser\RankHelper\App\Appinfo.cs:330)

INFO  2018-12-19 13:43:16:633
消息：当前IP地址：192.168.1.248
位置：RankHelper.MainForm.ShowIP(D:\project\webbrowser\20181209\webbrowser\RankHelper\窗口\MainForm.cs:292)

INFO  2018-12-19 13:43:38:819
消息：2018/12/19 13:43:38, 更新设置
位置：RankHelper.Appinfo.UpdateSetting(D:\project\webbrowser\20181209\webbrowser\RankHelper\App\Appinfo.cs:330)

INFO  2018-12-19 13:43:43:489
消息：2018/12/19 13:43:43, 更新设置
位置：RankHelper.Appinfo.UpdateSetting(D:\project\webbrowser\20181209\webbrowser\RankHelper\App\Appinfo.cs:330)

INFO  2018-12-19 13:43:51:499
消息：2018/12/19 13:43:51, 更新设置
位置：RankHelper.Appinfo.UpdateSetting(D:\project\webbrowser\20181209\webbrowser\RankHelper\App\Appinfo.cs:330)

INFO  2018-12-19 13:43:52:129
消息：2018/12/19 13:43:52, 更新设置
位置：RankHelper.Appinfo.UpdateSetting(D:\project\webbrowser\20181209\webbrowser\RankHelper\App\Appinfo.cs:330)

INFO  2018-12-19 13:43:55:389
消息：2018/12/19 13:43:55, 更新设置
位置：RankHelper.Appinfo.UpdateSetting(D:\project\webbrowser\20181209\webbrowser\RankHelper\App\Appinfo.cs:330)

INFO  2018-12-19 14:22:13:115
消息：2018/12/19 14:22:13, 更新设置
位置：RankHelper.Appinfo.UpdateSetting(D:\project\webbrowser\20181209\webbrowser\RankHelper\App\Appinfo.cs:330)

INFO  2018-12-19 14:22:13:166
消息：2018/12/19 14:22:13, 更新设置
位置：RankHelper.Appinfo.UpdateSetting(D:\project\webbrowser\20181209\webbrowser\RankHelper\App\Appinfo.cs:330)

INFO  2018-12-19 14:22:13:195
消息：2018/12/19 14:22:13, 更新设置
位置：RankHelper.Appinfo.UpdateSetting(D:\project\webbrowser\20181209\webbrowser\RankHelper\App\Appinfo.cs:330)

INFO  2018-12-19 14:22:13:267
消息：当前IP地址：192.168.1.248
位置：RankHelper.MainForm.ShowIP(D:\project\webbrowser\20181209\webbrowser\RankHelper\窗口\MainForm.cs:292)

INFO  2018-12-19 17:20:18:284
消息：2018/12/19 17:20:18, 更新设置
位置：RankHelper.Appinfo.UpdateSetting(D:\project\webbrowser\20181209\webbrowser\RankHelper\App\Appinfo.cs:330)

INFO  2018-12-19 17:20:18:347
消息：2018/12/19 17:20:18, 更新设置
位置：RankHelper.Appinfo.UpdateSetting(D:\project\webbrowser\20181209\webbrowser\RankHelper\App\Appinfo.cs:330)

INFO  2018-12-19 17:20:18:369
消息：2018/12/19 17:20:18, 更新设置
位置：RankHelper.Appinfo.UpdateSetting(D:\project\webbrowser\20181209\webbrowser\RankHelper\App\Appinfo.cs:330)

INFO  2018-12-19 17:20:18:423
消息：当前IP地址：192.168.1.248
位置：RankHelper.MainForm.ShowIP(D:\project\webbrowser\20181209\webbrowser\RankHelper\窗口\MainForm.cs:292)

INFO  2018-12-19 17:21:36:128
消息：2018/12/19 17:21:36, 更新设置
位置：RankHelper.Appinfo.UpdateSetting(D:\project\webbrowser\20181209\webbrowser\RankHelper\App\Appinfo.cs:330)

INFO  2018-12-19 17:21:36:183
消息：2018/12/19 17:21:36, 更新设置
位置：RankHelper.Appinfo.UpdateSetting(D:\project\webbrowser\20181209\webbrowser\RankHelper\App\Appinfo.cs:330)

INFO  2018-12-19 17:21:36:209
消息：2018/12/19 17:21:36, 更新设置
位置：RankHelper.Appinfo.UpdateSetting(D:\project\webbrowser\20181209\webbrowser\RankHelper\App\Appinfo.cs:330)

INFO  2018-12-19 17:21:36:361
消息：当前IP地址：192.168.1.248
位置：RankHelper.MainForm.ShowIP(D:\project\webbrowser\20181209\webbrowser\RankHelper\窗口\MainForm.cs:292)
