
INFO  2018-12-21 09:33:41:513
消息：2018/12/21 9:33:41, 更新设置
位置：RankHelper.Appinfo.UpdateSetting(D:\project\webbrowser\20181209\webbrowser\RankHelper\App\Appinfo.cs:330)

INFO  2018-12-21 09:33:41:613
消息：2018/12/21 9:33:41, 更新设置
位置：RankHelper.Appinfo.UpdateSetting(D:\project\webbrowser\20181209\webbrowser\RankHelper\App\Appinfo.cs:330)

INFO  2018-12-21 09:33:41:633
消息：2018/12/21 9:33:41, 更新设置
位置：RankHelper.Appinfo.UpdateSetting(D:\project\webbrowser\20181209\webbrowser\RankHelper\App\Appinfo.cs:330)

INFO  2018-12-21 09:33:41:683
消息：当前IP地址：
位置：RankHelper.MainForm.ShowIP(D:\project\webbrowser\20181209\webbrowser\RankHelper\窗口\MainForm.cs:298)

INFO  2018-12-21 09:33:41:703
消息：删除缓存、cookie文件......
位置：RankHelper.MainForm.ShowTaskStatus(D:\project\webbrowser\20181209\webbrowser\RankHelper\窗口\MainForm.cs:291)

INFO  2018-12-21 09:33:46:703
消息：删除完成
位置：RankHelper.MainForm.ShowTaskStatus(D:\project\webbrowser\20181209\webbrowser\RankHelper\窗口\MainForm.cs:291)

INFO  2018-12-21 09:33:46:718
消息：更换IP
位置：RankHelper.MainForm.ShowTaskStatus(D:\project\webbrowser\20181209\webbrowser\RankHelper\窗口\MainForm.cs:291)

INFO  2018-12-21 09:34:17:149
消息：当前IP地址：
位置：RankHelper.MainForm.ShowIP(D:\project\webbrowser\20181209\webbrowser\RankHelper\窗口\MainForm.cs:298)

INFO  2018-12-21 09:34:17:150
消息：开始执行任务1
位置：RankHelper.MainForm.ShowTaskStatus(D:\project\webbrowser\20181209\webbrowser\RankHelper\窗口\MainForm.cs:291)

INFO  2018-12-21 09:34:22:631
消息：开始搜索关键词,任务1
位置：RankHelper.MainForm.ShowTaskStatus(D:\project\webbrowser\20181209\webbrowser\RankHelper\窗口\MainForm.cs:291)

INFO  2018-12-21 09:34:27:192
消息：未开始挂机
位置：RankHelper.MainForm.ShowTaskStatus(D:\project\webbrowser\20181209\webbrowser\RankHelper\窗口\MainForm.cs:291)

INFO  2018-12-21 09:36:19:642
消息：任务超时，重置
位置：RankHelper.MainForm.ShowTaskStatus(D:\project\webbrowser\20181209\webbrowser\RankHelper\窗口\MainForm.cs:291)
