
INFO  2018-12-20 11:44:16:674
消息：2018/12/20 11:44:16, 更新设置
位置：RankHelper.Appinfo.UpdateSetting(D:\project\webbrowser\20181209\webbrowser\RankHelper\App\Appinfo.cs:330)

INFO  2018-12-20 11:44:16:747
消息：2018/12/20 11:44:16, 更新设置
位置：RankHelper.Appinfo.UpdateSetting(D:\project\webbrowser\20181209\webbrowser\RankHelper\App\Appinfo.cs:330)

INFO  2018-12-20 11:44:16:768
消息：2018/12/20 11:44:16, 更新设置
位置：RankHelper.Appinfo.UpdateSetting(D:\project\webbrowser\20181209\webbrowser\RankHelper\App\Appinfo.cs:330)

INFO  2018-12-20 11:44:26:150
消息：当前IP地址：
位置：RankHelper.MainForm.ShowIP(D:\project\webbrowser\20181209\webbrowser\RankHelper\窗口\MainForm.cs:292)

INFO  2018-12-20 13:41:06:396
消息：2018/12/20 13:41:06, 更新设置
位置：RankHelper.Appinfo.UpdateSetting(D:\project\webbrowser\20181209\webbrowser\RankHelper\App\Appinfo.cs:330)

INFO  2018-12-20 13:41:06:463
消息：2018/12/20 13:41:06, 更新设置
位置：RankHelper.Appinfo.UpdateSetting(D:\project\webbrowser\20181209\webbrowser\RankHelper\App\Appinfo.cs:330)

INFO  2018-12-20 13:41:06:485
消息：2018/12/20 13:41:06, 更新设置
位置：RankHelper.Appinfo.UpdateSetting(D:\project\webbrowser\20181209\webbrowser\RankHelper\App\Appinfo.cs:330)

INFO  2018-12-20 14:52:40:140
消息：当前IP地址：
位置：RankHelper.MainForm.ShowIP(D:\project\webbrowser\20181209\webbrowser\RankHelper\窗口\MainForm.cs:292)

INFO  2018-12-20 15:09:24:135
消息：2018/12/20 15:09:23, 更新设置
位置：RankHelper.Appinfo.UpdateSetting(D:\project\webbrowser\20181209\webbrowser\RankHelper\App\Appinfo.cs:330)

INFO  2018-12-20 15:09:24:226
消息：2018/12/20 15:09:24, 更新设置
位置：RankHelper.Appinfo.UpdateSetting(D:\project\webbrowser\20181209\webbrowser\RankHelper\App\Appinfo.cs:330)

INFO  2018-12-20 15:09:24:256
消息：2018/12/20 15:09:24, 更新设置
位置：RankHelper.Appinfo.UpdateSetting(D:\project\webbrowser\20181209\webbrowser\RankHelper\App\Appinfo.cs:330)

INFO  2018-12-20 15:09:24:309
消息：当前IP地址：
位置：RankHelper.MainForm.ShowIP(D:\project\webbrowser\20181209\webbrowser\RankHelper\窗口\MainForm.cs:292)

INFO  2018-12-20 15:09:24:319
消息：删除缓存、cookie文件......
位置：RankHelper.MainForm.ShowTaskStatus(D:\project\webbrowser\20181209\webbrowser\RankHelper\窗口\MainForm.cs:285)

INFO  2018-12-20 15:09:29:322
消息：删除完成
位置：RankHelper.MainForm.ShowTaskStatus(D:\project\webbrowser\20181209\webbrowser\RankHelper\窗口\MainForm.cs:285)

INFO  2018-12-20 15:09:29:325
消息：开始执行任务1
位置：RankHelper.MainForm.ShowTaskStatus(D:\project\webbrowser\20181209\webbrowser\RankHelper\窗口\MainForm.cs:285)

INFO  2018-12-20 15:09:43:164
消息：开始搜索关键词,任务1
位置：RankHelper.MainForm.ShowTaskStatus(D:\project\webbrowser\20181209\webbrowser\RankHelper\窗口\MainForm.cs:285)

INFO  2018-12-20 15:09:48:194
消息：未开始挂机
位置：RankHelper.MainForm.ShowTaskStatus(D:\project\webbrowser\20181209\webbrowser\RankHelper\窗口\MainForm.cs:285)

INFO  2018-12-20 15:19:31:248
消息：2018/12/20 15:19:31, 更新设置
位置：RankHelper.Appinfo.UpdateSetting(D:\project\webbrowser\20181209\webbrowser\RankHelper\App\Appinfo.cs:330)

INFO  2018-12-20 15:19:31:312
消息：2018/12/20 15:19:31, 更新设置
位置：RankHelper.Appinfo.UpdateSetting(D:\project\webbrowser\20181209\webbrowser\RankHelper\App\Appinfo.cs:330)

INFO  2018-12-20 15:19:31:339
消息：2018/12/20 15:19:31, 更新设置
位置：RankHelper.Appinfo.UpdateSetting(D:\project\webbrowser\20181209\webbrowser\RankHelper\App\Appinfo.cs:330)

INFO  2018-12-20 15:19:35:850
消息：当前IP地址：
位置：RankHelper.MainForm.ShowIP(D:\project\webbrowser\20181209\webbrowser\RankHelper\窗口\MainForm.cs:292)

INFO  2018-12-20 15:22:36:931
消息：2018/12/20 15:22:36, 更新设置
位置：RankHelper.Appinfo.UpdateSetting(D:\project\webbrowser\20181209\webbrowser\RankHelper\App\Appinfo.cs:330)

INFO  2018-12-20 15:22:37:011
消息：2018/12/20 15:22:37, 更新设置
位置：RankHelper.Appinfo.UpdateSetting(D:\project\webbrowser\20181209\webbrowser\RankHelper\App\Appinfo.cs:330)

INFO  2018-12-20 15:22:37:037
消息：2018/12/20 15:22:37, 更新设置
位置：RankHelper.Appinfo.UpdateSetting(D:\project\webbrowser\20181209\webbrowser\RankHelper\App\Appinfo.cs:330)

INFO  2018-12-20 15:22:42:404
消息：当前IP地址：
位置：RankHelper.MainForm.ShowIP(D:\project\webbrowser\20181209\webbrowser\RankHelper\窗口\MainForm.cs:292)

INFO  2018-12-20 15:23:34:357
消息：2018/12/20 15:23:34, 更新设置
位置：RankHelper.Appinfo.UpdateSetting(D:\project\webbrowser\20181209\webbrowser\RankHelper\App\Appinfo.cs:330)

INFO  2018-12-20 15:23:34:398
消息：2018/12/20 15:23:34, 更新设置
位置：RankHelper.Appinfo.UpdateSetting(D:\project\webbrowser\20181209\webbrowser\RankHelper\App\Appinfo.cs:330)

INFO  2018-12-20 15:23:34:428
消息：2018/12/20 15:23:34, 更新设置
位置：RankHelper.Appinfo.UpdateSetting(D:\project\webbrowser\20181209\webbrowser\RankHelper\App\Appinfo.cs:330)

INFO  2018-12-20 15:23:36:445
消息：当前IP地址：
位置：RankHelper.MainForm.ShowIP(D:\project\webbrowser\20181209\webbrowser\RankHelper\窗口\MainForm.cs:292)

INFO  2018-12-20 15:37:15:039
消息：2018/12/20 15:37:14, 更新设置
位置：RankHelper.Appinfo.UpdateSetting(D:\project\webbrowser\20181209\webbrowser\RankHelper\App\Appinfo.cs:330)

INFO  2018-12-20 15:37:15:092
消息：2018/12/20 15:37:15, 更新设置
位置：RankHelper.Appinfo.UpdateSetting(D:\project\webbrowser\20181209\webbrowser\RankHelper\App\Appinfo.cs:330)

INFO  2018-12-20 15:37:15:115
消息：2018/12/20 15:37:15, 更新设置
位置：RankHelper.Appinfo.UpdateSetting(D:\project\webbrowser\20181209\webbrowser\RankHelper\App\Appinfo.cs:330)

INFO  2018-12-20 15:37:20:696
消息：当前IP地址：
位置：RankHelper.MainForm.ShowIP(D:\project\webbrowser\20181209\webbrowser\RankHelper\窗口\MainForm.cs:292)

INFO  2018-12-20 15:37:47:274
消息：2018/12/20 15:37:47, 更新设置
位置：RankHelper.Appinfo.UpdateSetting(D:\project\webbrowser\20181209\webbrowser\RankHelper\App\Appinfo.cs:330)

INFO  2018-12-20 15:37:47:322
消息：2018/12/20 15:37:47, 更新设置
位置：RankHelper.Appinfo.UpdateSetting(D:\project\webbrowser\20181209\webbrowser\RankHelper\App\Appinfo.cs:330)

INFO  2018-12-20 15:37:47:345
消息：2018/12/20 15:37:47, 更新设置
位置：RankHelper.Appinfo.UpdateSetting(D:\project\webbrowser\20181209\webbrowser\RankHelper\App\Appinfo.cs:330)

INFO  2018-12-20 15:37:48:470
消息：当前IP地址：
位置：RankHelper.MainForm.ShowIP(D:\project\webbrowser\20181209\webbrowser\RankHelper\窗口\MainForm.cs:292)

INFO  2018-12-20 15:38:04:208
消息：删除缓存、cookie文件......
位置：RankHelper.MainForm.ShowTaskStatus(D:\project\webbrowser\20181209\webbrowser\RankHelper\窗口\MainForm.cs:285)

INFO  2018-12-20 15:38:09:222
消息：删除完成
位置：RankHelper.MainForm.ShowTaskStatus(D:\project\webbrowser\20181209\webbrowser\RankHelper\窗口\MainForm.cs:285)

INFO  2018-12-20 15:38:09:230
消息：开始执行任务1
位置：RankHelper.MainForm.ShowTaskStatus(D:\project\webbrowser\20181209\webbrowser\RankHelper\窗口\MainForm.cs:285)

INFO  2018-12-20 15:38:13:503
消息：开始搜索关键词,任务1
位置：RankHelper.MainForm.ShowTaskStatus(D:\project\webbrowser\20181209\webbrowser\RankHelper\窗口\MainForm.cs:285)

INFO  2018-12-20 15:38:14:681
消息：开始查找网站,当前页码1,任务1
位置：RankHelper.MainForm.ShowTaskStatus(D:\project\webbrowser\20181209\webbrowser\RankHelper\窗口\MainForm.cs:285)

INFO  2018-12-20 15:38:17:683
消息：没有找到符合的网站,开始查找下一页，当前页码1,任务1
位置：RankHelper.MainForm.ShowTaskStatus(D:\project\webbrowser\20181209\webbrowser\RankHelper\窗口\MainForm.cs:285)

INFO  2018-12-20 15:38:21:456
消息：开始查找网站,当前页码2,任务1
位置：RankHelper.MainForm.ShowTaskStatus(D:\project\webbrowser\20181209\webbrowser\RankHelper\窗口\MainForm.cs:285)

INFO  2018-12-20 15:38:24:457
消息：没有找到符合的网站,开始查找下一页，当前页码2,任务1
位置：RankHelper.MainForm.ShowTaskStatus(D:\project\webbrowser\20181209\webbrowser\RankHelper\窗口\MainForm.cs:285)

INFO  2018-12-20 15:40:21:580
消息：2018/12/20 15:40:21, 更新设置
位置：RankHelper.Appinfo.UpdateSetting(D:\project\webbrowser\20181209\webbrowser\RankHelper\App\Appinfo.cs:330)

INFO  2018-12-20 15:40:21:621
消息：2018/12/20 15:40:21, 更新设置
位置：RankHelper.Appinfo.UpdateSetting(D:\project\webbrowser\20181209\webbrowser\RankHelper\App\Appinfo.cs:330)

INFO  2018-12-20 15:40:21:643
消息：2018/12/20 15:40:21, 更新设置
位置：RankHelper.Appinfo.UpdateSetting(D:\project\webbrowser\20181209\webbrowser\RankHelper\App\Appinfo.cs:330)

INFO  2018-12-20 15:40:23:256
消息：当前IP地址：
位置：RankHelper.MainForm.ShowIP(D:\project\webbrowser\20181209\webbrowser\RankHelper\窗口\MainForm.cs:292)

INFO  2018-12-20 15:40:34:122
消息：删除缓存、cookie文件......
位置：RankHelper.MainForm.ShowTaskStatus(D:\project\webbrowser\20181209\webbrowser\RankHelper\窗口\MainForm.cs:285)

INFO  2018-12-20 15:40:39:123
消息：删除完成
位置：RankHelper.MainForm.ShowTaskStatus(D:\project\webbrowser\20181209\webbrowser\RankHelper\窗口\MainForm.cs:285)

INFO  2018-12-20 15:40:39:132
消息：开始执行任务1
位置：RankHelper.MainForm.ShowTaskStatus(D:\project\webbrowser\20181209\webbrowser\RankHelper\窗口\MainForm.cs:285)

INFO  2018-12-20 15:40:42:965
消息：开始搜索关键词,任务1
位置：RankHelper.MainForm.ShowTaskStatus(D:\project\webbrowser\20181209\webbrowser\RankHelper\窗口\MainForm.cs:285)

INFO  2018-12-20 15:40:43:509
消息：开始查找网站,当前页码1,任务1
位置：RankHelper.MainForm.ShowTaskStatus(D:\project\webbrowser\20181209\webbrowser\RankHelper\窗口\MainForm.cs:285)

INFO  2018-12-20 15:40:46:511
消息：没有找到符合的网站,开始查找下一页，当前页码1,任务1
位置：RankHelper.MainForm.ShowTaskStatus(D:\project\webbrowser\20181209\webbrowser\RankHelper\窗口\MainForm.cs:285)

INFO  2018-12-20 15:40:50:087
消息：开始查找网站,当前页码2,任务1
位置：RankHelper.MainForm.ShowTaskStatus(D:\project\webbrowser\20181209\webbrowser\RankHelper\窗口\MainForm.cs:285)

INFO  2018-12-20 15:40:53:088
消息：没有找到符合的网站,开始查找下一页，当前页码2,任务1
位置：RankHelper.MainForm.ShowTaskStatus(D:\project\webbrowser\20181209\webbrowser\RankHelper\窗口\MainForm.cs:285)

INFO  2018-12-20 15:42:01:132
消息：2018/12/20 15:42:01, 更新设置
位置：RankHelper.Appinfo.UpdateSetting(D:\project\webbrowser\20181209\webbrowser\RankHelper\App\Appinfo.cs:330)

INFO  2018-12-20 15:42:01:173
消息：2018/12/20 15:42:01, 更新设置
位置：RankHelper.Appinfo.UpdateSetting(D:\project\webbrowser\20181209\webbrowser\RankHelper\App\Appinfo.cs:330)

INFO  2018-12-20 15:42:01:198
消息：2018/12/20 15:42:01, 更新设置
位置：RankHelper.Appinfo.UpdateSetting(D:\project\webbrowser\20181209\webbrowser\RankHelper\App\Appinfo.cs:330)

INFO  2018-12-20 15:42:21:574
消息：当前IP地址：
位置：RankHelper.MainForm.ShowIP(D:\project\webbrowser\20181209\webbrowser\RankHelper\窗口\MainForm.cs:292)

INFO  2018-12-20 15:42:34:495
消息：删除缓存、cookie文件......
位置：RankHelper.MainForm.ShowTaskStatus(D:\project\webbrowser\20181209\webbrowser\RankHelper\窗口\MainForm.cs:285)

INFO  2018-12-20 15:42:39:497
消息：删除完成
位置：RankHelper.MainForm.ShowTaskStatus(D:\project\webbrowser\20181209\webbrowser\RankHelper\窗口\MainForm.cs:285)

INFO  2018-12-20 15:42:39:506
消息：开始执行任务1
位置：RankHelper.MainForm.ShowTaskStatus(D:\project\webbrowser\20181209\webbrowser\RankHelper\窗口\MainForm.cs:285)

INFO  2018-12-20 15:42:43:484
消息：开始搜索关键词,任务1
位置：RankHelper.MainForm.ShowTaskStatus(D:\project\webbrowser\20181209\webbrowser\RankHelper\窗口\MainForm.cs:285)

INFO  2018-12-20 15:42:44:018
消息：开始查找网站,当前页码1,任务1
位置：RankHelper.MainForm.ShowTaskStatus(D:\project\webbrowser\20181209\webbrowser\RankHelper\窗口\MainForm.cs:285)

INFO  2018-12-20 15:42:47:024
消息：没有找到符合的网站,开始查找下一页，当前页码1,任务1
位置：RankHelper.MainForm.ShowTaskStatus(D:\project\webbrowser\20181209\webbrowser\RankHelper\窗口\MainForm.cs:285)

INFO  2018-12-20 15:42:50:517
消息：开始查找网站,当前页码2,任务1
位置：RankHelper.MainForm.ShowTaskStatus(D:\project\webbrowser\20181209\webbrowser\RankHelper\窗口\MainForm.cs:285)

INFO  2018-12-20 15:42:53:518
消息：没有找到符合的网站,开始查找下一页，当前页码2,任务1
位置：RankHelper.MainForm.ShowTaskStatus(D:\project\webbrowser\20181209\webbrowser\RankHelper\窗口\MainForm.cs:285)

INFO  2018-12-20 15:43:01:543
消息：未开始挂机
位置：RankHelper.MainForm.ShowTaskStatus(D:\project\webbrowser\20181209\webbrowser\RankHelper\窗口\MainForm.cs:285)

INFO  2018-12-20 15:43:12:366
消息：删除缓存、cookie文件......
位置：RankHelper.MainForm.ShowTaskStatus(D:\project\webbrowser\20181209\webbrowser\RankHelper\窗口\MainForm.cs:285)

INFO  2018-12-20 15:43:17:367
消息：删除完成
位置：RankHelper.MainForm.ShowTaskStatus(D:\project\webbrowser\20181209\webbrowser\RankHelper\窗口\MainForm.cs:285)

INFO  2018-12-20 15:43:17:386
消息：开始执行任务1
位置：RankHelper.MainForm.ShowTaskStatus(D:\project\webbrowser\20181209\webbrowser\RankHelper\窗口\MainForm.cs:285)

INFO  2018-12-20 15:43:20:707
消息：开始搜索关键词,任务1
位置：RankHelper.MainForm.ShowTaskStatus(D:\project\webbrowser\20181209\webbrowser\RankHelper\窗口\MainForm.cs:285)

INFO  2018-12-20 15:43:21:347
消息：开始查找网站,当前页码1,任务1
位置：RankHelper.MainForm.ShowTaskStatus(D:\project\webbrowser\20181209\webbrowser\RankHelper\窗口\MainForm.cs:285)

INFO  2018-12-20 15:43:24:348
消息：没有找到符合的网站,开始查找下一页，当前页码1,任务1
位置：RankHelper.MainForm.ShowTaskStatus(D:\project\webbrowser\20181209\webbrowser\RankHelper\窗口\MainForm.cs:285)

INFO  2018-12-20 15:43:31:041
消息：未开始挂机
位置：RankHelper.MainForm.ShowTaskStatus(D:\project\webbrowser\20181209\webbrowser\RankHelper\窗口\MainForm.cs:285)
